[NEWS-REFRESH] BTCUSDT bias=-0.14 novelty=0.00 -> data/news/BTCUSDT.json
[NEWS-REFRESH] ETHUSDT bias=+0.50 novelty=0.00 -> data/news/ETHUSDT.json
[NEWS-REFRESH] SOLUSDT bias=-0.33 novelty=0.00 -> data/news/SOLUSDT.json
[NEWS-REFRESH] BNBUSDT bias=+1.00 novelty=0.00 -> data/news/BNBUSDT.json
[NEWS-REFRESH] XRPUSDT bias=+1.00 novelty=0.00 -> data/news/XRPUSDT.json
[NEWS-REFRESH] ADAUSDT bias=+0.00 novelty=0.00 -> data/news/ADAUSDT.json
[NEWS-REFRESH] BTCUSDT bias=-0.14 novelty=0.00 -> data/news/BTCUSDT.json
[NEWS-REFRESH] ETHUSDT bias=+0.50 novelty=0.00 -> data/news/ETHUSDT.json
[NEWS-REFRESH] SOLUSDT bias=-0.33 novelty=0.00 -> data/news/SOLUSDT.json
[NEWS-REFRESH] BNBUSDT bias=+1.00 novelty=0.00 -> data/news/BNBUSDT.json
[NEWS-REFRESH] XRPUSDT bias=+1.00 novelty=0.00 -> data/news/XRPUSDT.json
[NEWS-REFRESH] ADAUSDT bias=+0.00 novelty=0.00 -> data/news/ADAUSDT.json
[NEWS-REFRESH] BTCUSDT bias=-0.14 novelty=0.00 -> data/news/BTCUSDT.json
[NEWS-REFRESH] ETHUSDT bias=+0.50 novelty=0.00 -> data/news/ETHUSDT.json
[NEWS-REFRESH] SOLUSDT bias=-0.33 novelty=0.00 -> data/news/SOLUSDT.json
[NEWS-REFRESH] BNBUSDT bias=+1.00 novelty=0.00 -> data/news/BNBUSDT.json
[NEWS-REFRESH] XRPUSDT bias=+1.00 novelty=0.00 -> data/news/XRPUSDT.json
[NEWS-REFRESH] ADAUSDT bias=+0.00 novelty=0.00 -> data/news/ADAUSDT.json
[NEWS-REFRESH] BTCUSDT bias=-0.20 novelty=0.00 -> data/news/BTCUSDT.json
[NEWS-REFRESH] ETHUSDT bias=+0.50 novelty=0.00 -> data/news/ETHUSDT.json
[NEWS-REFRESH] SOLUSDT bias=-0.33 novelty=0.00 -> data/news/SOLUSDT.json
[NEWS-REFRESH] BNBUSDT bias=+1.00 novelty=0.00 -> data/news/BNBUSDT.json
[NEWS-REFRESH] XRPUSDT bias=+1.00 novelty=0.00 -> data/news/XRPUSDT.json
[NEWS-REFRESH] ADAUSDT bias=+0.00 novelty=0.00 -> data/news/ADAUSDT.json
[NEWS-REFRESH] BTCUSDT bias=-0.33 novelty=0.00 -> data/news/BTCUSDT.json
[NEWS-REFRESH] ETHUSDT bias=+0.50 novelty=0.00 -> data/news/ETHUSDT.json
[NEWS-REFRESH] SOLUSDT bias=-0.33 novelty=0.00 -> data/news/SOLUSDT.json
[NEWS-REFRESH] BNBUSDT bias=+1.00 novelty=0.00 -> data/news/BNBUSDT.json
[NEWS-REFRESH] XRPUSDT bias=+1.00 novelty=0.00 -> data/news/XRPUSDT.json
[NEWS-REFRESH] ADAUSDT bias=+0.00 novelty=0.00 -> data/news/ADAUSDT.json
[NEWS-REFRESH] BTCUSDT bias=-0.33 novelty=0.00 -> data/news/BTCUSDT.json
[NEWS-REFRESH] ETHUSDT bias=+0.33 novelty=0.00 -> data/news/ETHUSDT.json
[NEWS-REFRESH] SOLUSDT bias=-0.33 novelty=0.00 -> data/news/SOLUSDT.json
[NEWS-REFRESH] BNBUSDT bias=+1.00 novelty=0.00 -> data/news/BNBUSDT.json
[NEWS-REFRESH] XRPUSDT bias=+1.00 novelty=0.00 -> data/news/XRPUSDT.json
[NEWS-REFRESH] ADAUSDT bias=+0.00 novelty=0.00 -> data/news/ADAUSDT.json
[NEWS-REFRESH] BTCUSDT bias=-0.33 novelty=0.00 -> data/news/BTCUSDT.json
[NEWS-REFRESH] ETHUSDT bias=+0.33 novelty=0.00 -> data/news/ETHUSDT.json
[NEWS-REFRESH] SOLUSDT bias=+0.00 novelty=0.00 -> data/news/SOLUSDT.json
[NEWS-REFRESH] BNBUSDT bias=+1.00 novelty=0.00 -> data/news/BNBUSDT.json
[NEWS-REFRESH] XRPUSDT bias=+1.00 novelty=0.00 -> data/news/XRPUSDT.json
[NEWS-REFRESH] ADAUSDT bias=+0.00 novelty=0.00 -> data/news/ADAUSDT.json
[NEWS-REFRESH] BTCUSDT bias=-0.33 novelty=0.00 -> data/news/BTCUSDT.json
[NEWS-REFRESH] ETHUSDT bias=+0.50 novelty=0.00 -> data/news/ETHUSDT.json
[NEWS-REFRESH] SOLUSDT bias=+0.00 novelty=0.00 -> data/news/SOLUSDT.json
[NEWS-REFRESH] BNBUSDT bias=+1.00 novelty=0.00 -> data/news/BNBUSDT.json
[NEWS-REFRESH] XRPUSDT bias=+1.00 novelty=0.00 -> data/news/XRPUSDT.json
[NEWS-REFRESH] ADAUSDT bias=+1.00 novelty=0.00 -> data/news/ADAUSDT.json
[NEWS-REFRESH] BTCUSDT bias=-0.43 novelty=0.00 -> data/news/BTCUSDT.json
[NEWS-REFRESH] ETHUSDT bias=+0.60 novelty=0.00 -> data/news/ETHUSDT.json
[NEWS-REFRESH] SOLUSDT bias=+0.50 novelty=0.00 -> data/news/SOLUSDT.json
[NEWS-REFRESH] BNBUSDT bias=+1.00 novelty=0.00 -> data/news/BNBUSDT.json
[NEWS-REFRESH] XRPUSDT bias=+1.00 novelty=0.00 -> data/news/XRPUSDT.json
[NEWS-REFRESH] ADAUSDT bias=+1.00 novelty=0.00 -> data/news/ADAUSDT.json
[NEWS-REFRESH] BTCUSDT bias=-0.43 novelty=0.00 -> data/news/BTCUSDT.json
[NEWS-REFRESH] ETHUSDT bias=+0.60 novelty=0.00 -> data/news/ETHUSDT.json
[NEWS-REFRESH] SOLUSDT bias=+0.50 novelty=0.00 -> data/news/SOLUSDT.json
[NEWS-REFRESH] BNBUSDT bias=+1.00 novelty=0.00 -> data/news/BNBUSDT.json
[NEWS-REFRESH] XRPUSDT bias=+1.00 novelty=0.00 -> data/news/XRPUSDT.json
[NEWS-REFRESH] ADAUSDT bias=+1.00 novelty=0.00 -> data/news/ADAUSDT.json
[NEWS-REFRESH] BTCUSDT bias=-0.25 novelty=0.00 -> data/news/BTCUSDT.json
[NEWS-REFRESH] ETHUSDT bias=+0.60 novelty=0.00 -> data/news/ETHUSDT.json
[NEWS-REFRESH] SOLUSDT bias=+0.50 novelty=0.00 -> data/news/SOLUSDT.json
[NEWS-REFRESH] BNBUSDT bias=+1.00 novelty=0.00 -> data/news/BNBUSDT.json
[NEWS-REFRESH] XRPUSDT bias=+1.00 novelty=0.00 -> data/news/XRPUSDT.json
[NEWS-REFRESH] ADAUSDT bias=+1.00 novelty=0.00 -> data/news/ADAUSDT.json
[NEWS-REFRESH] BTCUSDT bias=+0.14 novelty=0.50 -> data/news/BTCUSDT.json
[NEWS-REFRESH] ETHUSDT bias=+1.00 novelty=0.50 -> data/news/ETHUSDT.json
[NEWS-REFRESH] SOLUSDT bias=+0.50 novelty=0.50 -> data/news/SOLUSDT.json
[NEWS-REFRESH] BNBUSDT bias=+1.00 novelty=0.50 -> data/news/BNBUSDT.json
[NEWS-REFRESH] XRPUSDT bias=+1.00 novelty=0.50 -> data/news/XRPUSDT.json
[NEWS-REFRESH] ADAUSDT bias=+1.00 novelty=0.50 -> data/news/ADAUSDT.json
[NEWS-REFRESH] BTCUSDT bias=+0.33 novelty=0.00 -> data/news/BTCUSDT.json
[NEWS-REFRESH] ETHUSDT bias=+1.00 novelty=0.00 -> data/news/ETHUSDT.json
[NEWS-REFRESH] SOLUSDT bias=+0.60 novelty=0.00 -> data/news/SOLUSDT.json
[NEWS-REFRESH] BNBUSDT bias=+1.00 novelty=0.00 -> data/news/BNBUSDT.json
[NEWS-REFRESH] XRPUSDT bias=+1.00 novelty=0.00 -> data/news/XRPUSDT.json
[NEWS-REFRESH] ADAUSDT bias=+1.00 novelty=0.00 -> data/news/ADAUSDT.json
[NEWS-REFRESH] BTCUSDT bias=+0.00 novelty=0.59 -> data/news/BTCUSDT.json
[NEWS-REFRESH] ETHUSDT bias=+1.00 novelty=0.00 -> data/news/ETHUSDT.json
[NEWS-REFRESH] SOLUSDT bias=+1.00 novelty=1.00 -> data/news/SOLUSDT.json
[NEWS-REFRESH] BNBUSDT bias=+1.00 novelty=0.00 -> data/news/BNBUSDT.json
[NEWS-REFRESH] XRPUSDT bias=+0.00 novelty=0.50 -> data/news/XRPUSDT.json
[NEWS-REFRESH] ADAUSDT bias=+1.00 novelty=0.00 -> data/news/ADAUSDT.json
[NEWS-REFRESH] BTCUSDT bias=+0.33 novelty=0.35 -> data/news/BTCUSDT.json
[NEWS-REFRESH] ETHUSDT bias=+1.00 novelty=0.00 -> data/news/ETHUSDT.json
[NEWS-REFRESH] SOLUSDT bias=+1.00 novelty=0.38 -> data/news/SOLUSDT.json
[NEWS-REFRESH] BNBUSDT bias=+1.00 novelty=0.00 -> data/news/BNBUSDT.json
[NEWS-REFRESH] XRPUSDT bias=+0.00 novelty=0.50 -> data/news/XRPUSDT.json
[NEWS-REFRESH] ADAUSDT bias=+1.00 novelty=0.00 -> data/news/ADAUSDT.json
[NEWS-REFRESH] BTCUSDT bias=+0.50 novelty=0.61 -> data/news/BTCUSDT.json
[NEWS-REFRESH] ETHUSDT bias=+1.00 novelty=0.00 -> data/news/ETHUSDT.json
[NEWS-REFRESH] SOLUSDT bias=+1.00 novelty=0.29 -> data/news/SOLUSDT.json
[NEWS-REFRESH] BNBUSDT bias=+1.00 novelty=0.00 -> data/news/BNBUSDT.json
[NEWS-REFRESH] XRPUSDT bias=+0.00 novelty=0.50 -> data/news/XRPUSDT.json
[NEWS-REFRESH] ADAUSDT bias=+0.00 novelty=0.50 -> data/news/ADAUSDT.json
[NEWS-REFRESH] BTCUSDT bias=+0.50 novelty=0.41 -> data/news/BTCUSDT.json
[NEWS-REFRESH] ETHUSDT bias=+1.00 novelty=0.00 -> data/news/ETHUSDT.json
[NEWS-REFRESH] SOLUSDT bias=+1.00 novelty=0.24 -> data/news/SOLUSDT.json
[NEWS-REFRESH] BNBUSDT bias=+0.00 novelty=0.50 -> data/news/BNBUSDT.json
[NEWS-REFRESH] XRPUSDT bias=+1.00 novelty=0.00 -> data/news/XRPUSDT.json
[NEWS-REFRESH] ADAUSDT bias=+0.00 novelty=0.50 -> data/news/ADAUSDT.json
[NEWS-REFRESH] BTCUSDT bias=+1.00 novelty=1.00 -> data/news/BTCUSDT.json
[NEWS-REFRESH] ETHUSDT bias=+1.00 novelty=0.00 -> data/news/ETHUSDT.json
[NEWS-REFRESH] SOLUSDT bias=+1.00 novelty=0.21 -> data/news/SOLUSDT.json
[NEWS-REFRESH] BNBUSDT bias=+0.00 novelty=0.50 -> data/news/BNBUSDT.json
[NEWS-REFRESH] XRPUSDT bias=+1.00 novelty=0.00 -> data/news/XRPUSDT.json
[NEWS-REFRESH] ADAUSDT bias=+0.00 novelty=0.00 -> data/news/ADAUSDT.json
[NEWS-REFRESH] BTCUSDT bias=+1.00 novelty=0.62 -> data/news/BTCUSDT.json
[NEWS-REFRESH] ETHUSDT bias=+1.00 novelty=0.00 -> data/news/ETHUSDT.json
[NEWS-REFRESH] SOLUSDT bias=+1.00 novelty=0.19 -> data/news/SOLUSDT.json
[NEWS-REFRESH] BNBUSDT bias=+0.00 novelty=0.50 -> data/news/BNBUSDT.json
[NEWS-REFRESH] XRPUSDT bias=+1.00 novelty=0.00 -> data/news/XRPUSDT.json
[NEWS-REFRESH] ADAUSDT bias=+0.00 novelty=0.60 -> data/news/ADAUSDT.json
[NEWS-REFRESH] BTCUSDT bias=+0.50 novelty=0.02 -> data/news/BTCUSDT.json
[NEWS-REFRESH] ETHUSDT bias=+1.00 novelty=0.00 -> data/news/ETHUSDT.json
[NEWS-REFRESH] SOLUSDT bias=+1.00 novelty=0.18 -> data/news/SOLUSDT.json
[NEWS-REFRESH] BNBUSDT bias=+0.00 novelty=0.50 -> data/news/BNBUSDT.json
[NEWS-REFRESH] XRPUSDT bias=+1.00 novelty=0.00 -> data/news/XRPUSDT.json
[NEWS-REFRESH] ADAUSDT bias=+0.00 novelty=0.43 -> data/news/ADAUSDT.json
[NEWS-REFRESH] BTCUSDT bias=+0.60 novelty=0.12 -> data/news/BTCUSDT.json
[NEWS-REFRESH] ETHUSDT bias=+1.00 novelty=0.00 -> data/news/ETHUSDT.json
[NEWS-REFRESH] SOLUSDT bias=+1.00 novelty=0.17 -> data/news/SOLUSDT.json
[NEWS-REFRESH] BNBUSDT bias=+0.00 novelty=0.50 -> data/news/BNBUSDT.json
[NEWS-REFRESH] XRPUSDT bias=+1.00 novelty=0.00 -> data/news/XRPUSDT.json
[NEWS-REFRESH] ADAUSDT bias=+0.00 novelty=0.50 -> data/news/ADAUSDT.json
[NEWS-REFRESH] BTCUSDT bias=+0.60 novelty=0.11 -> data/news/BTCUSDT.json
[NEWS-REFRESH] ETHUSDT bias=+1.00 novelty=0.00 -> data/news/ETHUSDT.json
[NEWS-REFRESH] SOLUSDT bias=+1.00 novelty=0.16 -> data/news/SOLUSDT.json
[NEWS-REFRESH] BNBUSDT bias=+0.00 novelty=0.50 -> data/news/BNBUSDT.json
[NEWS-REFRESH] XRPUSDT bias=+0.00 novelty=0.50 -> data/news/XRPUSDT.json
[NEWS-REFRESH] ADAUSDT bias=+0.00 novelty=0.50 -> data/news/ADAUSDT.json
[NEWS-REFRESH] BTCUSDT bias=+0.20 novelty=0.32 -> data/news/BTCUSDT.json
[NEWS-REFRESH] ETHUSDT bias=+0.33 novelty=0.00 -> data/news/ETHUSDT.json
[NEWS-REFRESH] SOLUSDT bias=+1.00 novelty=0.15 -> data/news/SOLUSDT.json
[NEWS-REFRESH][ERROR] BNBUSDT: ReadTimeout(ReadTimeoutError("HTTPSConnectionPool(host='cryptonews-api.com', port=443): Read timed out. (read timeout=8)"))
[NEWS-REFRESH] XRPUSDT bias=-1.00 novelty=0.00 -> data/news/XRPUSDT.json
[NEWS-REFRESH] ADAUSDT bias=+0.00 novelty=0.50 -> data/news/ADAUSDT.json
[NEWS-REFRESH] BTCUSDT bias=-1.00 novelty=1.00 -> data/news/BTCUSDT.json
[NEWS-REFRESH] ETHUSDT bias=-0.50 novelty=1.00 -> data/news/ETHUSDT.json
[NEWS-REFRESH] SOLUSDT bias=+0.00 novelty=1.00 -> data/news/SOLUSDT.json
[NEWS-REFRESH] BNBUSDT bias=+0.00 novelty=0.50 -> data/news/BNBUSDT.json
[NEWS-REFRESH] XRPUSDT bias=-1.00 novelty=0.82 -> data/news/XRPUSDT.json
[NEWS-REFRESH] ADAUSDT bias=+0.00 novelty=0.50 -> data/news/ADAUSDT.json
[NEWS-REFRESH] BTCUSDT bias=-1.00 novelty=0.90 -> data/news/BTCUSDT.json
[NEWS-REFRESH] ETHUSDT bias=-0.50 novelty=1.00 -> data/news/ETHUSDT.json
[NEWS-REFRESH] SOLUSDT bias=+0.00 novelty=0.93 -> data/news/SOLUSDT.json
[NEWS-REFRESH] BNBUSDT bias=+1.00 novelty=0.00 -> data/news/BNBUSDT.json
[NEWS-REFRESH] XRPUSDT bias=-1.00 novelty=0.59 -> data/news/XRPUSDT.json
[NEWS-REFRESH] ADAUSDT bias=+0.00 novelty=0.50 -> data/news/ADAUSDT.json
[NEWS-REFRESH] BTCUSDT bias=-0.50 novelty=0.42 -> data/news/BTCUSDT.json
[NEWS-REFRESH] ETHUSDT bias=-0.50 novelty=0.75 -> data/news/ETHUSDT.json
[NEWS-REFRESH] SOLUSDT bias=-1.00 novelty=1.00 -> data/news/SOLUSDT.json
[NEWS-REFRESH] BNBUSDT bias=+1.00 novelty=0.00 -> data/news/BNBUSDT.json
[NEWS-REFRESH] XRPUSDT bias=-0.33 novelty=0.25 -> data/news/XRPUSDT.json
[NEWS-REFRESH] ADAUSDT bias=+0.00 novelty=0.50 -> data/news/ADAUSDT.json
[NEWS-REFRESH] BTCUSDT bias=+0.00 novelty=0.12 -> data/news/BTCUSDT.json
[NEWS-REFRESH] ETHUSDT bias=-0.33 novelty=0.53 -> data/news/ETHUSDT.json
[NEWS-REFRESH] SOLUSDT bias=-1.00 novelty=0.95 -> data/news/SOLUSDT.json
[NEWS-REFRESH] BNBUSDT bias=+1.00 novelty=0.00 -> data/news/BNBUSDT.json
[NEWS-REFRESH] XRPUSDT bias=+0.00 novelty=0.12 -> data/news/XRPUSDT.json
[NEWS-REFRESH] ADAUSDT bias=+0.00 novelty=0.50 -> data/news/ADAUSDT.json
[NEWS-REFRESH] BTCUSDT bias=+0.50 novelty=0.17 -> data/news/BTCUSDT.json
[NEWS-REFRESH] ETHUSDT bias=+0.00 novelty=0.30 -> data/news/ETHUSDT.json
[NEWS-REFRESH] SOLUSDT bias=+0.00 novelty=0.50 -> data/news/SOLUSDT.json
[NEWS-REFRESH] BNBUSDT bias=+1.00 novelty=0.00 -> data/news/BNBUSDT.json
[NEWS-REFRESH] XRPUSDT bias=+0.00 novelty=0.11 -> data/news/XRPUSDT.json
[NEWS-REFRESH] ADAUSDT bias=+0.00 novelty=0.50 -> data/news/ADAUSDT.json
[NEWS-REFRESH] BTCUSDT bias=+0.50 novelty=0.16 -> data/news/BTCUSDT.json
[NEWS-REFRESH] ETHUSDT bias=+0.00 novelty=0.29 -> data/news/ETHUSDT.json
[NEWS-REFRESH] SOLUSDT bias=+0.00 novelty=0.50 -> data/news/SOLUSDT.json
[NEWS-REFRESH] BNBUSDT bias=+0.00 novelty=0.50 -> data/news/BNBUSDT.json
[NEWS-REFRESH] XRPUSDT bias=+0.00 novelty=0.50 -> data/news/XRPUSDT.json
[NEWS-REFRESH] ADAUSDT bias=+0.00 novelty=0.50 -> data/news/ADAUSDT.json
[NEWS-REFRESH] BTCUSDT bias=+1.00 novelty=0.45 -> data/news/BTCUSDT.json
[NEWS-REFRESH] ETHUSDT bias=+0.00 novelty=0.27 -> data/news/ETHUSDT.json
[NEWS-REFRESH] SOLUSDT bias=+1.00 novelty=0.20 -> data/news/SOLUSDT.json
[NEWS-REFRESH] BNBUSDT bias=+0.00 novelty=0.50 -> data/news/BNBUSDT.json
[NEWS-REFRESH] XRPUSDT bias=+1.00 novelty=0.28 -> data/news/XRPUSDT.json
[NEWS-REFRESH] ADAUSDT bias=+0.00 novelty=0.50 -> data/news/ADAUSDT.json
[NEWS-REFRESH] BTCUSDT bias=+1.00 novelty=0.42 -> data/news/BTCUSDT.json
[NEWS-REFRESH] ETHUSDT bias=+0.00 novelty=0.50 -> data/news/ETHUSDT.json
[NEWS-REFRESH] SOLUSDT bias=+1.00 novelty=0.20 -> data/news/SOLUSDT.json
[NEWS-REFRESH] BNBUSDT bias=+1.00 novelty=0.00 -> data/news/BNBUSDT.json
[NEWS-REFRESH] XRPUSDT bias=+1.00 novelty=0.26 -> data/news/XRPUSDT.json
[NEWS-REFRESH] ADAUSDT bias=+0.00 novelty=0.50 -> data/news/ADAUSDT.json
[NEWS-REFRESH] BTCUSDT bias=-1.00 novelty=0.74 -> data/news/BTCUSDT.json
[NEWS-REFRESH] ETHUSDT bias=+1.00 novelty=0.26 -> data/news/ETHUSDT.json
[NEWS-REFRESH] SOLUSDT bias=+1.00 novelty=0.19 -> data/news/SOLUSDT.json
[NEWS-REFRESH] BNBUSDT bias=+0.00 novelty=0.50 -> data/news/BNBUSDT.json
[NEWS-REFRESH] XRPUSDT bias=+1.00 novelty=0.25 -> data/news/XRPUSDT.json
[NEWS-REFRESH] ADAUSDT bias=+0.00 novelty=0.50 -> data/news/ADAUSDT.json
[NEWS-REFRESH] BTCUSDT bias=-1.00 novelty=0.65 -> data/news/BTCUSDT.json
[NEWS-REFRESH] ETHUSDT bias=+0.00 novelty=0.28 -> data/news/ETHUSDT.json
[NEWS-REFRESH] SOLUSDT bias=+1.00 novelty=0.18 -> data/news/SOLUSDT.json
[NEWS-REFRESH] BNBUSDT bias=+0.00 novelty=0.50 -> data/news/BNBUSDT.json
[NEWS-REFRESH] XRPUSDT bias=+0.00 novelty=0.17 -> data/news/XRPUSDT.json
[NEWS-REFRESH] ADAUSDT bias=+0.00 novelty=0.50 -> data/news/ADAUSDT.json
[NEWS-REFRESH] BTCUSDT bias=-1.00 novelty=0.58 -> data/news/BTCUSDT.json
[NEWS-REFRESH] ETHUSDT bias=+0.00 novelty=0.27 -> data/news/ETHUSDT.json
[NEWS-REFRESH] SOLUSDT bias=+1.00 novelty=0.18 -> data/news/SOLUSDT.json
[NEWS-REFRESH] BNBUSDT bias=+0.00 novelty=0.50 -> data/news/BNBUSDT.json
[NEWS-REFRESH] XRPUSDT bias=-1.00 novelty=0.57 -> data/news/XRPUSDT.json
[NEWS-REFRESH] ADAUSDT bias=+0.00 novelty=0.50 -> data/news/ADAUSDT.json
[NEWS-REFRESH] BTCUSDT bias=-1.00 novelty=0.54 -> data/news/BTCUSDT.json
[NEWS-REFRESH] ETHUSDT bias=+0.00 novelty=0.26 -> data/news/ETHUSDT.json
[NEWS-REFRESH] SOLUSDT bias=+1.00 novelty=0.17 -> data/news/SOLUSDT.json
[NEWS-REFRESH] BNBUSDT bias=+0.00 novelty=0.50 -> data/news/BNBUSDT.json
[NEWS-REFRESH] XRPUSDT bias=-1.00 novelty=0.51 -> data/news/XRPUSDT.json
[NEWS-REFRESH] ADAUSDT bias=+0.00 novelty=0.50 -> data/news/ADAUSDT.json
[NEWS-REFRESH] BTCUSDT bias=-1.00 novelty=0.50 -> data/news/BTCUSDT.json
[NEWS-REFRESH] ETHUSDT bias=-1.00 novelty=0.80 -> data/news/ETHUSDT.json
[NEWS-REFRESH] SOLUSDT bias=+1.00 novelty=0.17 -> data/news/SOLUSDT.json
[NEWS-REFRESH] BNBUSDT bias=+0.00 novelty=0.50 -> data/news/BNBUSDT.json
[NEWS-REFRESH] XRPUSDT bias=+0.00 novelty=0.09 -> data/news/XRPUSDT.json
[NEWS-REFRESH] ADAUSDT bias=+0.00 novelty=0.50 -> data/news/ADAUSDT.json
[NEWS-REFRESH] BTCUSDT bias=-1.00 novelty=0.47 -> data/news/BTCUSDT.json
[NEWS-REFRESH] ETHUSDT bias=-1.00 novelty=0.70 -> data/news/ETHUSDT.json
[NEWS-REFRESH] SOLUSDT bias=+1.00 novelty=0.16 -> data/news/SOLUSDT.json
[NEWS-REFRESH] BNBUSDT bias=+0.00 novelty=0.50 -> data/news/BNBUSDT.json
[NEWS-REFRESH] XRPUSDT bias=+1.00 novelty=0.30 -> data/news/XRPUSDT.json
[NEWS-REFRESH] ADAUSDT bias=+0.00 novelty=0.50 -> data/news/ADAUSDT.json
[NEWS-REFRESH] BTCUSDT bias=-1.00 novelty=0.44 -> data/news/BTCUSDT.json
[NEWS-REFRESH] ETHUSDT bias=-1.00 novelty=0.63 -> data/news/ETHUSDT.json
[NEWS-REFRESH] SOLUSDT bias=+0.00 novelty=0.50 -> data/news/SOLUSDT.json
[NEWS-REFRESH] BNBUSDT bias=+0.00 novelty=0.50 -> data/news/BNBUSDT.json
[NEWS-REFRESH] XRPUSDT bias=+1.00 novelty=0.29 -> data/news/XRPUSDT.json
[NEWS-REFRESH] ADAUSDT bias=+0.00 novelty=0.50 -> data/news/ADAUSDT.json
[NEWS-REFRESH] BTCUSDT bias=-1.00 novelty=0.42 -> data/news/BTCUSDT.json
[NEWS-REFRESH] ETHUSDT bias=-1.00 novelty=0.58 -> data/news/ETHUSDT.json
[NEWS-REFRESH] SOLUSDT bias=+0.00 novelty=0.50 -> data/news/SOLUSDT.json
[NEWS-REFRESH] BNBUSDT bias=+0.00 novelty=0.50 -> data/news/BNBUSDT.json
[NEWS-REFRESH] XRPUSDT bias=+1.00 novelty=0.27 -> data/news/XRPUSDT.json
[NEWS-REFRESH] ADAUSDT bias=+0.00 novelty=0.50 -> data/news/ADAUSDT.json
[NEWS-REFRESH] BTCUSDT bias=-1.00 novelty=0.40 -> data/news/BTCUSDT.json
[NEWS-REFRESH] ETHUSDT bias=+0.20 novelty=0.02 -> data/news/ETHUSDT.json
[NEWS-REFRESH] SOLUSDT bias=+1.00 novelty=0.16 -> data/news/SOLUSDT.json
[NEWS-REFRESH] BNBUSDT bias=+0.00 novelty=0.50 -> data/news/BNBUSDT.json
[NEWS-REFRESH] XRPUSDT bias=+1.00 novelty=0.26 -> data/news/XRPUSDT.json
[NEWS-REFRESH] ADAUSDT bias=+0.00 novelty=0.50 -> data/news/ADAUSDT.json
[NEWS-REFRESH] BTCUSDT bias=-1.00 novelty=0.38 -> data/news/BTCUSDT.json
[NEWS-REFRESH] ETHUSDT bias=+1.00 novelty=0.34 -> data/news/ETHUSDT.json
[NEWS-REFRESH] SOLUSDT bias=+1.00 novelty=0.15 -> data/news/SOLUSDT.json
[NEWS-REFRESH] BNBUSDT bias=+0.00 novelty=0.50 -> data/news/BNBUSDT.json
[NEWS-REFRESH] XRPUSDT bias=+1.00 novelty=0.26 -> data/news/XRPUSDT.json
[NEWS-REFRESH] ADAUSDT bias=+0.00 novelty=0.50 -> data/news/ADAUSDT.json
[NEWS-REFRESH] BTCUSDT bias=-1.00 novelty=0.37 -> data/news/BTCUSDT.json
[NEWS-REFRESH] ETHUSDT bias=+1.00 novelty=0.32 -> data/news/ETHUSDT.json
[NEWS-REFRESH] SOLUSDT bias=+1.00 novelty=0.15 -> data/news/SOLUSDT.json
[NEWS-REFRESH] BNBUSDT bias=+0.00 novelty=0.50 -> data/news/BNBUSDT.json
[NEWS-REFRESH] XRPUSDT bias=+1.00 novelty=0.25 -> data/news/XRPUSDT.json
[NEWS-REFRESH] ADAUSDT bias=+0.00 novelty=0.50 -> data/news/ADAUSDT.json
[NEWS-REFRESH] BTCUSDT bias=-0.50 novelty=0.15 -> data/news/BTCUSDT.json
[NEWS-REFRESH] ETHUSDT bias=+1.00 novelty=0.31 -> data/news/ETHUSDT.json
[NEWS-REFRESH] SOLUSDT bias=+1.00 novelty=0.15 -> data/news/SOLUSDT.json
[NEWS-REFRESH] BNBUSDT bias=+0.00 novelty=0.50 -> data/news/BNBUSDT.json
[NEWS-REFRESH] XRPUSDT bias=+1.00 novelty=0.24 -> data/news/XRPUSDT.json
[NEWS-REFRESH] ADAUSDT bias=+0.00 novelty=0.50 -> data/news/ADAUSDT.json
[NEWS-REFRESH] BTCUSDT bias=+0.00 novelty=0.07 -> data/news/BTCUSDT.json
[NEWS-REFRESH] ETHUSDT bias=+0.00 novelty=0.50 -> data/news/ETHUSDT.json
[NEWS-REFRESH] SOLUSDT bias=-1.00 novelty=1.00 -> data/news/SOLUSDT.json
[NEWS-REFRESH] BNBUSDT bias=+0.00 novelty=0.50 -> data/news/BNBUSDT.json
[NEWS-REFRESH] XRPUSDT bias=+0.00 novelty=0.50 -> data/news/XRPUSDT.json
[NEWS-REFRESH] ADAUSDT bias=+0.00 novelty=0.50 -> data/news/ADAUSDT.json
[NEWS-REFRESH] BTCUSDT bias=+0.20 novelty=0.16 -> data/news/BTCUSDT.json
[NEWS-REFRESH] ETHUSDT bias=+0.00 novelty=0.50 -> data/news/ETHUSDT.json
[NEWS-REFRESH] SOLUSDT bias=-1.00 novelty=0.87 -> data/news/SOLUSDT.json
[NEWS-REFRESH] BNBUSDT bias=+0.00 novelty=0.50 -> data/news/BNBUSDT.json
[NEWS-REFRESH] XRPUSDT bias=+0.00 novelty=0.50 -> data/news/XRPUSDT.json
[NEWS-REFRESH] ADAUSDT bias=+0.00 novelty=0.50 -> data/news/ADAUSDT.json
[NEWS-REFRESH] BTCUSDT bias=+0.25 novelty=0.18 -> data/news/BTCUSDT.json
[NEWS-REFRESH] ETHUSDT bias=+0.00 novelty=0.50 -> data/news/ETHUSDT.json
[NEWS-REFRESH] SOLUSDT bias=-1.00 novelty=0.77 -> data/news/SOLUSDT.json
[NEWS-REFRESH] BNBUSDT bias=+0.00 novelty=0.50 -> data/news/BNBUSDT.json
[NEWS-REFRESH] XRPUSDT bias=+1.00 novelty=0.23 -> data/news/XRPUSDT.json
[NEWS-REFRESH] ADAUSDT bias=+0.00 novelty=0.50 -> data/news/ADAUSDT.json
[NEWS-REFRESH] BTCUSDT bias=+0.00 novelty=0.06 -> data/news/BTCUSDT.json
[NEWS-REFRESH] ETHUSDT bias=+0.00 novelty=0.50 -> data/news/ETHUSDT.json
[NEWS-REFRESH] SOLUSDT bias=-1.00 novelty=0.70 -> data/news/SOLUSDT.json
[NEWS-REFRESH] BNBUSDT bias=+0.00 novelty=0.50 -> data/news/BNBUSDT.json
[NEWS-REFRESH] XRPUSDT bias=+1.00 novelty=0.23 -> data/news/XRPUSDT.json
[NEWS-REFRESH] ADAUSDT bias=+0.00 novelty=0.50 -> data/news/ADAUSDT.json
[NEWS-REFRESH] BTCUSDT bias=+0.00 novelty=0.06 -> data/news/BTCUSDT.json
[NEWS-REFRESH] ETHUSDT bias=+0.00 novelty=0.50 -> data/news/ETHUSDT.json
[NEWS-REFRESH] SOLUSDT bias=+0.00 novelty=0.22 -> data/news/SOLUSDT.json
[NEWS-REFRESH] BNBUSDT bias=+0.00 novelty=0.50 -> data/news/BNBUSDT.json
[NEWS-REFRESH] XRPUSDT bias=+0.00 novelty=0.20 -> data/news/XRPUSDT.json
[NEWS-REFRESH] ADAUSDT bias=+0.00 novelty=0.50 -> data/news/ADAUSDT.json
[NEWS-REFRESH] BTCUSDT bias=-0.33 novelty=0.09 -> data/news/BTCUSDT.json
[NEWS-REFRESH] ETHUSDT bias=-1.00 novelty=0.58 -> data/news/ETHUSDT.json
[NEWS-REFRESH] SOLUSDT bias=+0.00 novelty=0.22 -> data/news/SOLUSDT.json
[NEWS-REFRESH] BNBUSDT bias=+0.00 novelty=0.50 -> data/news/BNBUSDT.json
[NEWS-REFRESH] XRPUSDT bias=-1.00 novelty=0.62 -> data/news/XRPUSDT.json
[NEWS-REFRESH] ADAUSDT bias=+0.00 novelty=0.50 -> data/news/ADAUSDT.json
[NEWS-REFRESH] BTCUSDT bias=-0.56 novelty=0.19 -> data/news/BTCUSDT.json
[NEWS-REFRESH] ETHUSDT bias=-1.00 novelty=0.55 -> data/news/ETHUSDT.json
[NEWS-REFRESH] SOLUSDT bias=+1.00 novelty=0.21 -> data/news/SOLUSDT.json
[NEWS-REFRESH] BNBUSDT bias=+0.00 novelty=0.50 -> data/news/BNBUSDT.json
[NEWS-REFRESH] XRPUSDT bias=+0.00 novelty=0.17 -> data/news/XRPUSDT.json
[NEWS-REFRESH] ADAUSDT bias=+0.00 novelty=0.50 -> data/news/ADAUSDT.json
[NEWS-REFRESH] BTCUSDT bias=-0.67 novelty=0.24 -> data/news/BTCUSDT.json
[NEWS-REFRESH] ETHUSDT bias=-1.00 novelty=0.52 -> data/news/ETHUSDT.json
[NEWS-REFRESH] SOLUSDT bias=+1.00 novelty=0.21 -> data/news/SOLUSDT.json
[NEWS-REFRESH] BNBUSDT bias=+0.00 novelty=0.50 -> data/news/BNBUSDT.json
[NEWS-REFRESH] XRPUSDT bias=+1.00 novelty=0.25 -> data/news/XRPUSDT.json
[NEWS-REFRESH] ADAUSDT bias=+0.00 novelty=0.50 -> data/news/ADAUSDT.json
[NEWS-REFRESH] BTCUSDT bias=-0.43 novelty=0.13 -> data/news/BTCUSDT.json
[NEWS-REFRESH] ETHUSDT bias=-1.00 novelty=0.49 -> data/news/ETHUSDT.json
[NEWS-REFRESH] SOLUSDT bias=+1.00 novelty=0.20 -> data/news/SOLUSDT.json
[NEWS-REFRESH] BNBUSDT bias=+0.00 novelty=0.50 -> data/news/BNBUSDT.json
[NEWS-REFRESH] XRPUSDT bias=+1.00 novelty=0.24 -> data/news/XRPUSDT.json
[NEWS-REFRESH] ADAUSDT bias=+0.00 novelty=0.50 -> data/news/ADAUSDT.json
[NEWS-REFRESH] BTCUSDT bias=+0.33 novelty=0.24 -> data/news/BTCUSDT.json
[NEWS-REFRESH] ETHUSDT bias=-1.00 novelty=0.47 -> data/news/ETHUSDT.json
[NEWS-REFRESH] SOLUSDT bias=+1.00 novelty=0.20 -> data/news/SOLUSDT.json
[NEWS-REFRESH] BNBUSDT bias=+0.00 novelty=0.50 -> data/news/BNBUSDT.json
[NEWS-REFRESH] XRPUSDT bias=+1.00 novelty=0.24 -> data/news/XRPUSDT.json
[NEWS-REFRESH] ADAUSDT bias=+0.00 novelty=0.50 -> data/news/ADAUSDT.json
[NEWS-REFRESH] BTCUSDT bias=+0.50 novelty=0.31 -> data/news/BTCUSDT.json
[NEWS-REFRESH] ETHUSDT bias=+0.00 novelty=0.05 -> data/news/ETHUSDT.json
[NEWS-REFRESH] SOLUSDT bias=+0.00 novelty=0.50 -> data/news/SOLUSDT.json
[NEWS-REFRESH] BNBUSDT bias=+0.00 novelty=0.50 -> data/news/BNBUSDT.json
[NEWS-REFRESH] XRPUSDT bias=+0.00 novelty=0.50 -> data/news/XRPUSDT.json
[NEWS-REFRESH] ADAUSDT bias=+0.00 novelty=0.50 -> data/news/ADAUSDT.json
[NEWS-REFRESH] BTCUSDT bias=+0.50 novelty=0.31 -> data/news/BTCUSDT.json
[NEWS-REFRESH] ETHUSDT bias=+0.00 novelty=0.05 -> data/news/ETHUSDT.json
[NEWS-REFRESH] SOLUSDT bias=+1.00 novelty=0.20 -> data/news/SOLUSDT.json
[NEWS-REFRESH] BNBUSDT bias=+0.00 novelty=0.50 -> data/news/BNBUSDT.json
[NEWS-REFRESH] XRPUSDT bias=+0.00 novelty=0.50 -> data/news/XRPUSDT.json
[NEWS-REFRESH] ADAUSDT bias=+0.00 novelty=0.50 -> data/news/ADAUSDT.json
[NEWS-REFRESH] BTCUSDT bias=+0.43 novelty=0.27 -> data/news/BTCUSDT.json
[NEWS-REFRESH] ETHUSDT bias=+0.00 novelty=0.05 -> data/news/ETHUSDT.json
[NEWS-REFRESH] SOLUSDT bias=+0.00 novelty=0.25 -> data/news/SOLUSDT.json
[NEWS-REFRESH] BNBUSDT bias=+0.00 novelty=0.50 -> data/news/BNBUSDT.json
[NEWS-REFRESH] XRPUSDT bias=-1.00 novelty=0.61 -> data/news/XRPUSDT.json
[NEWS-REFRESH] ADAUSDT bias=+0.00 novelty=0.50 -> data/news/ADAUSDT.json
[NEWS-REFRESH] BTCUSDT bias=+0.43 novelty=0.26 -> data/news/BTCUSDT.json
[NEWS-REFRESH] ETHUSDT bias=+0.00 novelty=0.05 -> data/news/ETHUSDT.json
[NEWS-REFRESH] SOLUSDT bias=+0.00 novelty=0.25 -> data/news/SOLUSDT.json
[NEWS-REFRESH] BNBUSDT bias=+0.00 novelty=0.50 -> data/news/BNBUSDT.json
[NEWS-REFRESH] XRPUSDT bias=-1.00 novelty=0.58 -> data/news/XRPUSDT.json
[NEWS-REFRESH] ADAUSDT bias=-1.00 novelty=0.98 -> data/news/ADAUSDT.json
[NEWS-REFRESH] BTCUSDT bias=+0.00 novelty=0.05 -> data/news/BTCUSDT.json
[NEWS-REFRESH] ETHUSDT bias=-1.00 novelty=0.47 -> data/news/ETHUSDT.json
[NEWS-REFRESH] SOLUSDT bias=+0.14 novelty=0.18 -> data/news/SOLUSDT.json
[NEWS-REFRESH] BNBUSDT bias=+0.00 novelty=0.50 -> data/news/BNBUSDT.json
[NEWS-REFRESH] XRPUSDT bias=-0.33 novelty=0.28 -> data/news/XRPUSDT.json
[NEWS-REFRESH] ADAUSDT bias=-1.00 novelty=0.62 -> data/news/ADAUSDT.json
[NEWS-REFRESH] BTCUSDT bias=+0.14 novelty=0.12 -> data/news/BTCUSDT.json
[NEWS-REFRESH] ETHUSDT bias=-1.00 novelty=0.45 -> data/news/ETHUSDT.json
[NEWS-REFRESH] SOLUSDT bias=+0.20 novelty=0.15 -> data/news/SOLUSDT.json
[NEWS-REFRESH] BNBUSDT bias=+0.00 novelty=0.50 -> data/news/BNBUSDT.json
[NEWS-REFRESH] XRPUSDT bias=+0.00 novelty=0.14 -> data/news/XRPUSDT.json
[NEWS-REFRESH] ADAUSDT bias=-1.00 novelty=0.49 -> data/news/ADAUSDT.json
[NEWS-REFRESH] BTCUSDT bias=+0.43 novelty=0.26 -> data/news/BTCUSDT.json
[NEWS-REFRESH] ETHUSDT bias=+1.00 novelty=0.39 -> data/news/ETHUSDT.json
[NEWS-REFRESH] SOLUSDT bias=+0.33 novelty=0.09 -> data/news/SOLUSDT.json
[NEWS-REFRESH] BNBUSDT bias=-1.00 novelty=0.00 -> data/news/BNBUSDT.json
[NEWS-REFRESH] XRPUSDT bias=+1.00 novelty=0.27 -> data/news/XRPUSDT.json
[NEWS-REFRESH] ADAUSDT bias=-1.00 novelty=0.42 -> data/news/ADAUSDT.json
[NEWS-REFRESH] BTCUSDT bias=+1.00 novelty=0.54 -> data/news/BTCUSDT.json
[NEWS-REFRESH] ETHUSDT bias=+1.00 novelty=0.38 -> data/news/ETHUSDT.json
[NEWS-REFRESH] SOLUSDT bias=+0.00 novelty=0.24 -> data/news/SOLUSDT.json
[NEWS-REFRESH] BNBUSDT bias=-1.00 novelty=1.00 -> data/news/BNBUSDT.json
[NEWS-REFRESH] XRPUSDT bias=+1.00 novelty=0.26 -> data/news/XRPUSDT.json
[NEWS-REFRESH] ADAUSDT bias=+0.00 novelty=0.50 -> data/news/ADAUSDT.json
[NEWS-REFRESH] BTCUSDT bias=+1.00 novelty=0.52 -> data/news/BTCUSDT.json
[NEWS-REFRESH] ETHUSDT bias=+1.00 novelty=0.37 -> data/news/ETHUSDT.json
[NEWS-REFRESH] SOLUSDT bias=+1.00 novelty=0.23 -> data/news/SOLUSDT.json
[NEWS-REFRESH] BNBUSDT bias=+0.00 novelty=0.50 -> data/news/BNBUSDT.json
[NEWS-REFRESH] XRPUSDT bias=+1.00 novelty=0.26 -> data/news/XRPUSDT.json
[NEWS-REFRESH] ADAUSDT bias=+0.00 novelty=0.50 -> data/news/ADAUSDT.json
[NEWS-REFRESH] BTCUSDT bias=+1.00 novelty=0.50 -> data/news/BTCUSDT.json
[NEWS-REFRESH] ETHUSDT bias=+1.00 novelty=0.36 -> data/news/ETHUSDT.json
[NEWS-REFRESH] SOLUSDT bias=+1.00 novelty=0.23 -> data/news/SOLUSDT.json
[NEWS-REFRESH] BNBUSDT bias=+0.00 novelty=0.50 -> data/news/BNBUSDT.json
[NEWS-REFRESH] XRPUSDT bias=+1.00 novelty=0.25 -> data/news/XRPUSDT.json
[NEWS-REFRESH] ADAUSDT bias=+0.00 novelty=0.50 -> data/news/ADAUSDT.json
[NEWS-REFRESH] BTCUSDT bias=+0.00 novelty=0.01 -> data/news/BTCUSDT.json
[NEWS-REFRESH] ETHUSDT bias=+0.50 novelty=0.14 -> data/news/ETHUSDT.json
[NEWS-REFRESH] SOLUSDT bias=+0.50 novelty=0.01 -> data/news/SOLUSDT.json
[NEWS-REFRESH] BNBUSDT bias=+0.00 novelty=0.50 -> data/news/BNBUSDT.json
[NEWS-REFRESH] XRPUSDT bias=+1.00 novelty=0.25 -> data/news/XRPUSDT.json
[NEWS-REFRESH] ADAUSDT bias=+0.00 novelty=0.50 -> data/news/ADAUSDT.json
[NEWS-REFRESH] BTCUSDT bias=+0.00 novelty=0.01 -> data/news/BTCUSDT.json
[NEWS-REFRESH] ETHUSDT bias=+0.67 novelty=0.21 -> data/news/ETHUSDT.json
[NEWS-REFRESH] SOLUSDT bias=+0.50 novelty=0.01 -> data/news/SOLUSDT.json
[NEWS-REFRESH] BNBUSDT bias=+0.00 novelty=0.50 -> data/news/BNBUSDT.json
[NEWS-REFRESH] XRPUSDT bias=+1.00 novelty=0.24 -> data/news/XRPUSDT.json
[NEWS-REFRESH] ADAUSDT bias=+0.00 novelty=0.50 -> data/news/ADAUSDT.json
[NEWS-REFRESH] BTCUSDT bias=-0.14 novelty=0.06 -> data/news/BTCUSDT.json
[NEWS-REFRESH] ETHUSDT bias=+0.14 novelty=0.01 -> data/news/ETHUSDT.json
[NEWS-REFRESH] SOLUSDT bias=+0.33 novelty=0.09 -> data/news/SOLUSDT.json
[NEWS-REFRESH] BNBUSDT bias=+0.00 novelty=0.50 -> data/news/BNBUSDT.json
[NEWS-REFRESH] XRPUSDT bias=+1.00 novelty=0.24 -> data/news/XRPUSDT.json
[NEWS-REFRESH] ADAUSDT bias=+0.00 novelty=0.50 -> data/news/ADAUSDT.json
[NEWS-REFRESH] BTCUSDT bias=-0.25 novelty=0.11 -> data/news/BTCUSDT.json
[NEWS-REFRESH] ETHUSDT bias=+0.00 novelty=0.07 -> data/news/ETHUSDT.json
[NEWS-REFRESH] SOLUSDT bias=+1.00 novelty=0.23 -> data/news/SOLUSDT.json
[NEWS-REFRESH] BNBUSDT bias=+0.00 novelty=0.50 -> data/news/BNBUSDT.json
[NEWS-REFRESH] XRPUSDT bias=+1.00 novelty=0.23 -> data/news/XRPUSDT.json
[NEWS-REFRESH] ADAUSDT bias=+0.00 novelty=0.50 -> data/news/ADAUSDT.json
[NEWS-REFRESH] BTCUSDT bias=-0.60 novelty=0.28 -> data/news/BTCUSDT.json
[NEWS-REFRESH] ETHUSDT bias=-0.20 novelty=0.15 -> data/news/ETHUSDT.json
[NEWS-REFRESH] SOLUSDT bias=+0.33 novelty=0.10 -> data/news/SOLUSDT.json
[NEWS-REFRESH] BNBUSDT bias=+1.00 novelty=0.14 -> data/news/BNBUSDT.json
[NEWS-REFRESH] XRPUSDT bias=+1.00 novelty=0.23 -> data/news/XRPUSDT.json
[NEWS-REFRESH] ADAUSDT bias=+0.00 novelty=0.50 -> data/news/ADAUSDT.json
[NEWS-REFRESH] BTCUSDT bias=-0.54 novelty=0.25 -> data/news/BTCUSDT.json
[NEWS-REFRESH] ETHUSDT bias=-0.60 novelty=0.32 -> data/news/ETHUSDT.json
[NEWS-REFRESH] SOLUSDT bias=+0.50 novelty=0.01 -> data/news/SOLUSDT.json
[NEWS-REFRESH] BNBUSDT bias=+1.00 novelty=0.14 -> data/news/BNBUSDT.json
[NEWS-REFRESH] XRPUSDT bias=+0.20 novelty=0.11 -> data/news/XRPUSDT.json
[NEWS-REFRESH] ADAUSDT bias=+0.00 novelty=0.50 -> data/news/ADAUSDT.json
[NEWS-REFRESH] BTCUSDT bias=-0.38 novelty=0.17 -> data/news/BTCUSDT.json
[NEWS-REFRESH] ETHUSDT bias=-1.00 novelty=0.49 -> data/news/ETHUSDT.json
[NEWS-REFRESH] SOLUSDT bias=+0.60 novelty=0.04 -> data/news/SOLUSDT.json
[NEWS-REFRESH] BNBUSDT bias=+0.00 novelty=0.50 -> data/news/BNBUSDT.json
[NEWS-REFRESH] XRPUSDT bias=+0.20 novelty=0.11 -> data/news/XRPUSDT.json
[NEWS-REFRESH] ADAUSDT bias=+0.00 novelty=0.50 -> data/news/ADAUSDT.json
[NEWS-REFRESH] BTCUSDT bias=-0.23 novelty=0.09 -> data/news/BTCUSDT.json
[NEWS-REFRESH] ETHUSDT bias=-1.00 novelty=0.47 -> data/news/ETHUSDT.json
[NEWS-REFRESH] SOLUSDT bias=+0.67 novelty=0.07 -> data/news/SOLUSDT.json
[NEWS-REFRESH] BNBUSDT bias=+0.00 novelty=0.50 -> data/news/BNBUSDT.json
[NEWS-REFRESH][ERROR] XRPUSDT: ReadTimeout(ReadTimeoutError("HTTPSConnectionPool(host='cryptonews-api.com', port=443): Read timed out. (read timeout=8)"))
[NEWS-REFRESH] ADAUSDT bias=+0.00 novelty=0.50 -> data/news/ADAUSDT.json
[NEWS-REFRESH] BTCUSDT bias=+0.11 novelty=0.08 -> data/news/BTCUSDT.json
[NEWS-REFRESH] ETHUSDT bias=-1.00 novelty=0.46 -> data/news/ETHUSDT.json
[NEWS-REFRESH] SOLUSDT bias=+1.00 novelty=0.24 -> data/news/SOLUSDT.json
[NEWS-REFRESH] BNBUSDT bias=+0.00 novelty=0.50 -> data/news/BNBUSDT.json
[NEWS-REFRESH] XRPUSDT bias=+0.20 novelty=0.11 -> data/news/XRPUSDT.json
[NEWS-REFRESH] ADAUSDT bias=+0.00 novelty=0.50 -> data/news/ADAUSDT.json
[NEWS-REFRESH] BTCUSDT bias=+0.00 novelty=0.03 -> data/news/BTCUSDT.json
[NEWS-REFRESH] ETHUSDT bias=-1.00 novelty=0.45 -> data/news/ETHUSDT.json
[NEWS-REFRESH] SOLUSDT bias=+0.20 novelty=0.17 -> data/news/SOLUSDT.json
[NEWS-REFRESH] BNBUSDT bias=+0.00 novelty=0.50 -> data/news/BNBUSDT.json
[NEWS-REFRESH] XRPUSDT bias=+0.00 novelty=0.20 -> data/news/XRPUSDT.json
[NEWS-REFRESH] ADAUSDT bias=+0.00 novelty=0.50 -> data/news/ADAUSDT.json
[NEWS-REFRESH] BTCUSDT bias=+0.11 novelty=0.08 -> data/news/BTCUSDT.json
[NEWS-REFRESH] ETHUSDT bias=-1.00 novelty=0.44 -> data/news/ETHUSDT.json
[NEWS-REFRESH] SOLUSDT bias=-0.20 novelty=0.38 -> data/news/SOLUSDT.json
[NEWS-REFRESH] BNBUSDT bias=+0.00 novelty=0.50 -> data/news/BNBUSDT.json
[NEWS-REFRESH] XRPUSDT bias=-0.33 novelty=0.34 -> data/news/XRPUSDT.json
[NEWS-REFRESH] ADAUSDT bias=+0.00 novelty=0.50 -> data/news/ADAUSDT.json
[NEWS-REFRESH] BTCUSDT bias=+0.67 novelty=0.37 -> data/news/BTCUSDT.json
[NEWS-REFRESH] ETHUSDT bias=+0.00 novelty=0.02 -> data/news/ETHUSDT.json
[NEWS-REFRESH] SOLUSDT bias=+0.00 novelty=0.27 -> data/news/SOLUSDT.json
[NEWS-REFRESH] BNBUSDT bias=+0.00 novelty=0.50 -> data/news/BNBUSDT.json
[NEWS-REFRESH] XRPUSDT bias=+0.00 novelty=0.19 -> data/news/XRPUSDT.json
[NEWS-REFRESH] ADAUSDT bias=+1.00 novelty=0.37 -> data/news/ADAUSDT.json
[NEWS-REFRESH] BTCUSDT bias=+0.14 novelty=0.09 -> data/news/BTCUSDT.json
[NEWS-REFRESH] ETHUSDT bias=+0.00 novelty=0.02 -> data/news/ETHUSDT.json
[NEWS-REFRESH] SOLUSDT bias=+0.33 novelty=0.09 -> data/news/SOLUSDT.json
[NEWS-REFRESH] BNBUSDT bias=+1.00 novelty=0.13 -> data/news/BNBUSDT.json
[NEWS-REFRESH] XRPUSDT bias=+0.33 novelty=0.04 -> data/news/XRPUSDT.json
[NEWS-REFRESH] ADAUSDT bias=+1.00 novelty=0.34 -> data/news/ADAUSDT.json
[NEWS-REFRESH] BTCUSDT bias=+0.12 novelty=0.08 -> data/news/BTCUSDT.json
[NEWS-REFRESH] ETHUSDT bias=-0.33 novelty=0.15 -> data/news/ETHUSDT.json
[NEWS-REFRESH] SOLUSDT bias=+1.00 novelty=0.26 -> data/news/SOLUSDT.json
[NEWS-REFRESH] BNBUSDT bias=+1.00 novelty=0.13 -> data/news/BNBUSDT.json
[NEWS-REFRESH] XRPUSDT bias=+0.67 novelty=0.11 -> data/news/XRPUSDT.json
[NEWS-REFRESH] ADAUSDT bias=+1.00 novelty=0.31 -> data/news/ADAUSDT.json
[NEWS-REFRESH] BTCUSDT bias=+0.07 novelty=0.05 -> data/news/BTCUSDT.json
[NEWS-REFRESH] ETHUSDT bias=+0.33 novelty=0.13 -> data/news/ETHUSDT.json
[NEWS-REFRESH] SOLUSDT bias=+1.00 novelty=0.25 -> data/news/SOLUSDT.json
[NEWS-REFRESH] BNBUSDT bias=+1.00 novelty=0.12 -> data/news/BNBUSDT.json
[NEWS-REFRESH] XRPUSDT bias=+1.00 novelty=0.26 -> data/news/XRPUSDT.json
[NEWS-REFRESH] ADAUSDT bias=+1.00 novelty=0.29 -> data/news/ADAUSDT.json
[NEWS-REFRESH] BTCUSDT bias=-0.08 novelty=0.02 -> data/news/BTCUSDT.json
[NEWS-REFRESH] ETHUSDT bias=+0.20 novelty=0.07 -> data/news/ETHUSDT.json
[NEWS-REFRESH] SOLUSDT bias=+1.00 novelty=0.25 -> data/news/SOLUSDT.json
[NEWS-REFRESH] BNBUSDT bias=+1.00 novelty=0.12 -> data/news/BNBUSDT.json
[NEWS-REFRESH] XRPUSDT bias=+0.71 novelty=0.13 -> data/news/XRPUSDT.json
[NEWS-REFRESH] ADAUSDT bias=+1.00 novelty=0.28 -> data/news/ADAUSDT.json
[NEWS-REFRESH] BTCUSDT bias=+0.00 novelty=0.02 -> data/news/BTCUSDT.json
[NEWS-REFRESH] ETHUSDT bias=+0.50 novelty=0.20 -> data/news/ETHUSDT.json
[NEWS-REFRESH] SOLUSDT bias=+0.00 novelty=0.28 -> data/news/SOLUSDT.json
[NEWS-REFRESH] BNBUSDT bias=+0.33 novelty=0.23 -> data/news/BNBUSDT.json
[NEWS-REFRESH] XRPUSDT bias=+0.33 novelty=0.05 -> data/news/XRPUSDT.json
[NEWS-REFRESH] ADAUSDT bias=+1.00 novelty=0.26 -> data/news/ADAUSDT.json
[NEWS-REFRESH] BTCUSDT bias=+0.00 novelty=0.02 -> data/news/BTCUSDT.json
[NEWS-REFRESH] ETHUSDT bias=+0.50 novelty=0.19 -> data/news/ETHUSDT.json
[NEWS-REFRESH] SOLUSDT bias=+0.33 novelty=0.10 -> data/news/SOLUSDT.json
[NEWS-REFRESH] BNBUSDT bias=+0.50 novelty=0.13 -> data/news/BNBUSDT.json
[NEWS-REFRESH] XRPUSDT bias=+0.33 novelty=0.05 -> data/news/XRPUSDT.json
[NEWS-REFRESH] ADAUSDT bias=+1.00 novelty=0.25 -> data/news/ADAUSDT.json
[NEWS-REFRESH] BTCUSDT bias=-0.11 novelty=0.04 -> data/news/BTCUSDT.json
[NEWS-REFRESH] ETHUSDT bias=+0.33 novelty=0.12 -> data/news/ETHUSDT.json
[NEWS-REFRESH] SOLUSDT bias=+0.50 novelty=0.01 -> data/news/SOLUSDT.json
[NEWS-REFRESH] BNBUSDT bias=+0.50 novelty=0.13 -> data/news/BNBUSDT.json
[NEWS-REFRESH] XRPUSDT bias=+0.00 novelty=0.20 -> data/news/XRPUSDT.json
[NEWS-REFRESH] ADAUSDT bias=+0.00 novelty=0.50 -> data/news/ADAUSDT.json
[NEWS-REFRESH] BTCUSDT bias=-0.50 novelty=0.25 -> data/news/BTCUSDT.json
[NEWS-REFRESH] ETHUSDT bias=+0.00 novelty=0.02 -> data/news/ETHUSDT.json
[NEWS-REFRESH] SOLUSDT bias=+0.50 novelty=0.01 -> data/news/SOLUSDT.json
[NEWS-REFRESH] BNBUSDT bias=+0.00 novelty=0.40 -> data/news/BNBUSDT.json
[NEWS-REFRESH] XRPUSDT bias=+0.00 novelty=0.20 -> data/news/XRPUSDT.json
[NEWS-REFRESH] ADAUSDT bias=+0.00 novelty=0.50 -> data/news/ADAUSDT.json
[NEWS-REFRESH] BTCUSDT bias=-0.27 novelty=0.13 -> data/news/BTCUSDT.json
[NEWS-REFRESH] ETHUSDT bias=-1.00 novelty=0.46 -> data/news/ETHUSDT.json
[NEWS-REFRESH] SOLUSDT bias=+0.60 novelty=0.04 -> data/news/SOLUSDT.json
[NEWS-REFRESH] BNBUSDT bias=-1.00 novelty=0.92 -> data/news/BNBUSDT.json
[NEWS-REFRESH] XRPUSDT bias=-0.14 novelty=0.26 -> data/news/XRPUSDT.json
[NEWS-REFRESH] ADAUSDT bias=+0.00 novelty=0.50 -> data/news/ADAUSDT.json
[NEWS-REFRESH] BTCUSDT bias=-0.45 novelty=0.23 -> data/news/BTCUSDT.json
[NEWS-REFRESH] ETHUSDT bias=-1.00 novelty=0.45 -> data/news/ETHUSDT.json
[NEWS-REFRESH] SOLUSDT bias=+0.50 novelty=0.01 -> data/news/SOLUSDT.json
[NEWS-REFRESH] BNBUSDT bias=-1.00 novelty=0.78 -> data/news/BNBUSDT.json
[NEWS-REFRESH] XRPUSDT bias=+0.00 novelty=0.19 -> data/news/XRPUSDT.json
[NEWS-REFRESH] ADAUSDT bias=+0.00 novelty=0.50 -> data/news/ADAUSDT.json
[NEWS-REFRESH] BTCUSDT bias=-0.54 novelty=0.27 -> data/news/BTCUSDT.json
[NEWS-REFRESH] ETHUSDT bias=-1.00 novelty=0.44 -> data/news/ETHUSDT.json
[NEWS-REFRESH] SOLUSDT bias=+0.33 novelty=0.10 -> data/news/SOLUSDT.json
[NEWS-REFRESH] BNBUSDT bias=+0.00 novelty=0.50 -> data/news/BNBUSDT.json
[NEWS-REFRESH] XRPUSDT bias=+0.00 novelty=0.19 -> data/news/XRPUSDT.json
[NEWS-REFRESH] ADAUSDT bias=-1.00 novelty=0.54 -> data/news/ADAUSDT.json
[NEWS-REFRESH] BTCUSDT bias=-0.45 novelty=0.22 -> data/news/BTCUSDT.json
[NEWS-REFRESH] ETHUSDT bias=-0.33 novelty=0.15 -> data/news/ETHUSDT.json
[NEWS-REFRESH] SOLUSDT bias=+1.00 novelty=0.27 -> data/news/SOLUSDT.json
[NEWS-REFRESH] BNBUSDT bias=+0.00 novelty=0.50 -> data/news/BNBUSDT.json
[NEWS-REFRESH] XRPUSDT bias=-0.20 novelty=0.28 -> data/news/XRPUSDT.json
[NEWS-REFRESH] ADAUSDT bias=-1.00 novelty=0.50 -> data/news/ADAUSDT.json
[NEWS-REFRESH] BTCUSDT bias=-0.80 novelty=0.41 -> data/news/BTCUSDT.json
[NEWS-REFRESH] ETHUSDT bias=+0.00 novelty=0.00 -> data/news/ETHUSDT.json
[NEWS-REFRESH] SOLUSDT bias=+0.00 novelty=0.29 -> data/news/SOLUSDT.json
[NEWS-REFRESH] BNBUSDT bias=+0.00 novelty=0.50 -> data/news/BNBUSDT.json
[NEWS-REFRESH] XRPUSDT bias=-0.20 novelty=0.28 -> data/news/XRPUSDT.json
[NEWS-REFRESH] ADAUSDT bias=-1.00 novelty=0.46 -> data/news/ADAUSDT.json
[NEWS-REFRESH] BTCUSDT bias=-0.56 novelty=0.27 -> data/news/BTCUSDT.json
[NEWS-REFRESH] ETHUSDT bias=+0.00 novelty=0.00 -> data/news/ETHUSDT.json
[NEWS-REFRESH] SOLUSDT bias=+0.00 novelty=0.29 -> data/news/SOLUSDT.json
[NEWS-REFRESH] BNBUSDT bias=+0.00 novelty=0.50 -> data/news/BNBUSDT.json
[NEWS-REFRESH] XRPUSDT bias=+0.00 novelty=0.18 -> data/news/XRPUSDT.json
[NEWS-REFRESH] ADAUSDT bias=-1.00 novelty=0.43 -> data/news/ADAUSDT.json
[NEWS-REFRESH] BTCUSDT bias=-0.14 novelty=0.04 -> data/news/BTCUSDT.json
[NEWS-REFRESH] ETHUSDT bias=+0.20 novelty=0.09 -> data/news/ETHUSDT.json
[NEWS-REFRESH] SOLUSDT bias=+0.00 novelty=0.28 -> data/news/SOLUSDT.json
[NEWS-REFRESH] BNBUSDT bias=+0.00 novelty=0.50 -> data/news/BNBUSDT.json
[NEWS-REFRESH] XRPUSDT bias=+0.00 novelty=0.18 -> data/news/XRPUSDT.json
[NEWS-REFRESH] ADAUSDT bias=-1.00 novelty=0.40 -> data/news/ADAUSDT.json
[NEWS-REFRESH] BTCUSDT bias=-0.33 novelty=0.14 -> data/news/BTCUSDT.json
[NEWS-REFRESH] ETHUSDT bias=+0.33 novelty=0.14 -> data/news/ETHUSDT.json
[NEWS-REFRESH] SOLUSDT bias=+1.00 novelty=0.28 -> data/news/SOLUSDT.json
[NEWS-REFRESH] BNBUSDT bias=+0.00 novelty=0.50 -> data/news/BNBUSDT.json
[NEWS-REFRESH] XRPUSDT bias=+0.33 novelty=0.02 -> data/news/XRPUSDT.json
[NEWS-REFRESH] ADAUSDT bias=-1.00 novelty=0.38 -> data/news/ADAUSDT.json
[NEWS-REFRESH] BTCUSDT bias=-0.33 novelty=0.14 -> data/news/BTCUSDT.json
[NEWS-REFRESH] ETHUSDT bias=-0.20 novelty=0.09 -> data/news/ETHUSDT.json
[NEWS-REFRESH] SOLUSDT bias=+0.33 novelty=0.10 -> data/news/SOLUSDT.json
[NEWS-REFRESH] BNBUSDT bias=+0.00 novelty=0.50 -> data/news/BNBUSDT.json
[NEWS-REFRESH] XRPUSDT bias=+0.33 novelty=0.02 -> data/news/XRPUSDT.json
[NEWS-REFRESH] ADAUSDT bias=-1.00 novelty=0.36 -> data/news/ADAUSDT.json
[NEWS-REFRESH] BTCUSDT bias=+0.11 novelty=0.11 -> data/news/BTCUSDT.json
[NEWS-REFRESH] ETHUSDT bias=-0.20 novelty=0.09 -> data/news/ETHUSDT.json
[NEWS-REFRESH] SOLUSDT bias=+0.50 novelty=0.00 -> data/news/SOLUSDT.json
[NEWS-REFRESH] BNBUSDT bias=-1.00 novelty=0.68 -> data/news/BNBUSDT.json
[NEWS-REFRESH] XRPUSDT bias=+0.00 novelty=0.18 -> data/news/XRPUSDT.json
[NEWS-REFRESH] ADAUSDT bias=+1.00 novelty=0.35 -> data/news/ADAUSDT.json
[NEWS-REFRESH] BTCUSDT bias=-0.25 novelty=0.10 -> data/news/BTCUSDT.json
[NEWS-REFRESH] ETHUSDT bias=-0.14 novelty=0.07 -> data/news/ETHUSDT.json
[NEWS-REFRESH] SOLUSDT bias=+0.60 novelty=0.05 -> data/news/SOLUSDT.json
[NEWS-REFRESH] BNBUSDT bias=-1.00 novelty=0.62 -> data/news/BNBUSDT.json
[NEWS-REFRESH] XRPUSDT bias=+0.33 novelty=0.01 -> data/news/XRPUSDT.json
[NEWS-REFRESH] ADAUSDT bias=+1.00 novelty=0.33 -> data/news/ADAUSDT.json
[NEWS-REFRESH] BTCUSDT bias=-0.11 novelty=0.02 -> data/news/BTCUSDT.json
[NEWS-REFRESH] ETHUSDT bias=+0.00 novelty=0.00 -> data/news/ETHUSDT.json
[NEWS-REFRESH] SOLUSDT bias=+0.50 novelty=0.01 -> data/news/SOLUSDT.json
[NEWS-REFRESH] BNBUSDT bias=+0.00 novelty=0.50 -> data/news/BNBUSDT.json
[NEWS-REFRESH] XRPUSDT bias=+1.00 novelty=0.32 -> data/news/XRPUSDT.json
[NEWS-REFRESH] ADAUSDT bias=+0.00 novelty=0.03 -> data/news/ADAUSDT.json
[NEWS-REFRESH] BTCUSDT bias=+0.40 novelty=0.27 -> data/news/BTCUSDT.json
[NEWS-REFRESH] ETHUSDT bias=+0.00 novelty=0.00 -> data/news/ETHUSDT.json
[NEWS-REFRESH] SOLUSDT bias=+0.60 novelty=0.05 -> data/news/SOLUSDT.json
[NEWS-REFRESH] BNBUSDT bias=+0.00 novelty=0.50 -> data/news/BNBUSDT.json
[NEWS-REFRESH] XRPUSDT bias=+1.00 novelty=0.31 -> data/news/XRPUSDT.json
[NEWS-REFRESH] ADAUSDT bias=+0.33 novelty=0.09 -> data/news/ADAUSDT.json
[NEWS-REFRESH] BTCUSDT bias=+0.20 novelty=0.16 -> data/news/BTCUSDT.json
[NEWS-REFRESH] ETHUSDT bias=+0.00 novelty=0.00 -> data/news/ETHUSDT.json
[NEWS-REFRESH] SOLUSDT bias=+0.50 novelty=0.01 -> data/news/SOLUSDT.json
[NEWS-REFRESH] BNBUSDT bias=+0.00 novelty=0.50 -> data/news/BNBUSDT.json
[NEWS-REFRESH] XRPUSDT bias=+1.00 novelty=0.31 -> data/news/XRPUSDT.json
[NEWS-REFRESH] ADAUSDT bias=+0.00 novelty=0.03 -> data/news/ADAUSDT.json
[NEWS-REFRESH] BTCUSDT bias=+0.00 novelty=0.04 -> data/news/BTCUSDT.json
[NEWS-REFRESH] ETHUSDT bias=+0.00 novelty=0.00 -> data/news/ETHUSDT.json
[NEWS-REFRESH] SOLUSDT bias=+0.50 novelty=0.01 -> data/news/SOLUSDT.json
[NEWS-REFRESH] BNBUSDT bias=+0.00 novelty=0.50 -> data/news/BNBUSDT.json
[NEWS-REFRESH] XRPUSDT bias=+1.00 novelty=0.30 -> data/news/XRPUSDT.json
[NEWS-REFRESH] ADAUSDT bias=+0.00 novelty=0.03 -> data/news/ADAUSDT.json
[NEWS-REFRESH] BTCUSDT bias=+0.17 novelty=0.14 -> data/news/BTCUSDT.json
[NEWS-REFRESH] ETHUSDT bias=+1.00 novelty=0.46 -> data/news/ETHUSDT.json
[NEWS-REFRESH] SOLUSDT bias=+1.00 novelty=0.29 -> data/news/SOLUSDT.json
[NEWS-REFRESH] BNBUSDT bias=+0.00 novelty=0.50 -> data/news/BNBUSDT.json
[NEWS-REFRESH] XRPUSDT bias=+0.43 novelty=0.02 -> data/news/XRPUSDT.json
[NEWS-REFRESH] ADAUSDT bias=+1.00 novelty=0.35 -> data/news/ADAUSDT.json
[NEWS-REFRESH] BTCUSDT bias=+0.00 novelty=0.04 -> data/news/BTCUSDT.json
[NEWS-REFRESH] ETHUSDT bias=+1.00 novelty=0.45 -> data/news/ETHUSDT.json
[NEWS-REFRESH] SOLUSDT bias=+1.00 novelty=0.28 -> data/news/SOLUSDT.json
[NEWS-REFRESH] BNBUSDT bias=+0.00 novelty=0.50 -> data/news/BNBUSDT.json
[NEWS-REFRESH] XRPUSDT bias=+0.50 novelty=0.05 -> data/news/XRPUSDT.json
[NEWS-REFRESH] ADAUSDT bias=-0.33 novelty=0.16 -> data/news/ADAUSDT.json
[NEWS-REFRESH] BTCUSDT bias=-0.11 novelty=0.03 -> data/news/BTCUSDT.json
[NEWS-REFRESH] ETHUSDT bias=+1.00 novelty=0.45 -> data/news/ETHUSDT.json
[NEWS-REFRESH] SOLUSDT bias=+1.00 novelty=0.28 -> data/news/SOLUSDT.json
[NEWS-REFRESH] BNBUSDT bias=+0.00 novelty=0.50 -> data/news/BNBUSDT.json
[NEWS-REFRESH] XRPUSDT bias=+0.33 novelty=0.03 -> data/news/XRPUSDT.json
[NEWS-REFRESH] ADAUSDT bias=-1.00 novelty=0.41 -> data/news/ADAUSDT.json
[NEWS-REFRESH] BTCUSDT bias=+0.00 novelty=0.04 -> data/news/BTCUSDT.json
[NEWS-REFRESH] ETHUSDT bias=+1.00 novelty=0.44 -> data/news/ETHUSDT.json
[NEWS-REFRESH] SOLUSDT bias=+1.00 novelty=0.28 -> data/news/SOLUSDT.json
[NEWS-REFRESH] BNBUSDT bias=+0.00 novelty=0.50 -> data/news/BNBUSDT.json
[NEWS-REFRESH] XRPUSDT bias=+0.33 novelty=0.03 -> data/news/XRPUSDT.json
[NEWS-REFRESH] ADAUSDT bias=-1.00 novelty=0.40 -> data/news/ADAUSDT.json
[NEWS-REFRESH][ERROR] BTCUSDT: HTTPError('403 Client Error: Forbidden for url: https://cryptonews-api.com/api/v1?tickers=BTC&items=50&token=yv3a4jurrsxc8ixpasmp4ug6oxnpek8zasrczrzz&date=last60min')
[NEWS-REFRESH][ERROR] ETHUSDT: HTTPError('403 Client Error: Forbidden for url: https://cryptonews-api.com/api/v1?tickers=ETH&items=50&token=yv3a4jurrsxc8ixpasmp4ug6oxnpek8zasrczrzz&date=last60min')
[NEWS-REFRESH][ERROR] SOLUSDT: HTTPError('403 Client Error: Forbidden for url: https://cryptonews-api.com/api/v1?tickers=SOL&items=50&token=yv3a4jurrsxc8ixpasmp4ug6oxnpek8zasrczrzz&date=last60min')
[NEWS-REFRESH][ERROR] BNBUSDT: HTTPError('403 Client Error: Forbidden for url: https://cryptonews-api.com/api/v1?tickers=BNB&items=50&token=yv3a4jurrsxc8ixpasmp4ug6oxnpek8zasrczrzz&date=last60min')
[NEWS-REFRESH][ERROR] XRPUSDT: HTTPError('403 Client Error: Forbidden for url: https://cryptonews-api.com/api/v1?tickers=XRP&items=50&token=yv3a4jurrsxc8ixpasmp4ug6oxnpek8zasrczrzz&date=last60min')
[NEWS-REFRESH][ERROR] ADAUSDT: HTTPError('403 Client Error: Forbidden for url: https://cryptonews-api.com/api/v1?tickers=ADA&items=50&token=yv3a4jurrsxc8ixpasmp4ug6oxnpek8zasrczrzz&date=last60min')
[NEWS-REFRESH] CRYPTONEWS_TOKEN not set
[NEWS-REFRESH][ERROR] BTCUSDT: HTTPError('HTTPError 403 on /api/v1 with params={\'tickers\': \'BTC\', \'items\': 50, \'date\': \'last60min\', \'page\': 1, \'cache\': \'false\', \'token\': \'yv3a4jurrsxc8ixpasmp4ug6oxnpek8zasrczrzz\'} :: {"message":"your IP has been blacklisted. For more info reach out to support@stocknewsapi.com"}')
[NEWS-REFRESH][ERROR] ETHUSDT: HTTPError('HTTPError 403 on /api/v1 with params={\'tickers\': \'ETH\', \'items\': 50, \'date\': \'last60min\', \'page\': 1, \'cache\': \'false\', \'token\': \'yv3a4jurrsxc8ixpasmp4ug6oxnpek8zasrczrzz\'} :: {"message":"your IP has been blacklisted. For more info reach out to support@stocknewsapi.com"}')
[NEWS-REFRESH][ERROR] SOLUSDT: HTTPError('HTTPError 403 on /api/v1 with params={\'tickers\': \'SOL\', \'items\': 50, \'date\': \'last60min\', \'page\': 1, \'cache\': \'false\', \'token\': \'yv3a4jurrsxc8ixpasmp4ug6oxnpek8zasrczrzz\'} :: {"message":"your IP has been blacklisted. For more info reach out to support@stocknewsapi.com"}')
[NEWS-REFRESH][ERROR] BNBUSDT: HTTPError('HTTPError 403 on /api/v1 with params={\'tickers\': \'BNB\', \'items\': 50, \'date\': \'last60min\', \'page\': 1, \'cache\': \'false\', \'token\': \'yv3a4jurrsxc8ixpasmp4ug6oxnpek8zasrczrzz\'} :: {"message":"your IP has been blacklisted. For more info reach out to support@stocknewsapi.com"}')
[NEWS-REFRESH][ERROR] XRPUSDT: HTTPError('HTTPError 403 on /api/v1 with params={\'tickers\': \'XRP\', \'items\': 50, \'date\': \'last60min\', \'page\': 1, \'cache\': \'false\', \'token\': \'yv3a4jurrsxc8ixpasmp4ug6oxnpek8zasrczrzz\'} :: {"message":"your IP has been blacklisted. For more info reach out to support@stocknewsapi.com"}')
[NEWS-REFRESH][ERROR] ADAUSDT: HTTPError('HTTPError 403 on /api/v1 with params={\'tickers\': \'ADA\', \'items\': 50, \'date\': \'last60min\', \'page\': 1, \'cache\': \'false\', \'token\': \'yv3a4jurrsxc8ixpasmp4ug6oxnpek8zasrczrzz\'} :: {"message":"your IP has been blacklisted. For more info reach out to support@stocknewsapi.com"}')
[NEWS-REFRESH][ERROR] BTCUSDT: HTTPError('HTTPError 403 on /api/v1 with params={\'tickers\': \'BTC\', \'items\': 50, \'date\': \'last60min\', \'page\': 1, \'cache\': \'false\', \'token\': \'yv3a4jurrsxc8ixpasmp4ug6oxnpek8zasrczrzz\'} :: {"message":"your IP has been blacklisted. For more info reach out to support@stocknewsapi.com"}')
[NEWS-REFRESH][ERROR] ETHUSDT: HTTPError('HTTPError 403 on /api/v1 with params={\'tickers\': \'ETH\', \'items\': 50, \'date\': \'last60min\', \'page\': 1, \'cache\': \'false\', \'token\': \'yv3a4jurrsxc8ixpasmp4ug6oxnpek8zasrczrzz\'} :: {"message":"your IP has been blacklisted. For more info reach out to support@stocknewsapi.com"}')
[NEWS-REFRESH][ERROR] SOLUSDT: HTTPError('HTTPError 403 on /api/v1 with params={\'tickers\': \'SOL\', \'items\': 50, \'date\': \'last60min\', \'page\': 1, \'cache\': \'false\', \'token\': \'yv3a4jurrsxc8ixpasmp4ug6oxnpek8zasrczrzz\'} :: {"message":"your IP has been blacklisted. For more info reach out to support@stocknewsapi.com"}')
[NEWS-REFRESH][ERROR] BNBUSDT: HTTPError('HTTPError 403 on /api/v1 with params={\'tickers\': \'BNB\', \'items\': 50, \'date\': \'last60min\', \'page\': 1, \'cache\': \'false\', \'token\': \'yv3a4jurrsxc8ixpasmp4ug6oxnpek8zasrczrzz\'} :: {"message":"your IP has been blacklisted. For more info reach out to support@stocknewsapi.com"}')
[NEWS-REFRESH][ERROR] XRPUSDT: HTTPError('HTTPError 403 on /api/v1 with params={\'tickers\': \'XRP\', \'items\': 50, \'date\': \'last60min\', \'page\': 1, \'cache\': \'false\', \'token\': \'yv3a4jurrsxc8ixpasmp4ug6oxnpek8zasrczrzz\'} :: {"message":"your IP has been blacklisted. For more info reach out to support@stocknewsapi.com"}')
[NEWS-REFRESH][ERROR] ADAUSDT: HTTPError('HTTPError 403 on /api/v1 with params={\'tickers\': \'ADA\', \'items\': 50, \'date\': \'last60min\', \'page\': 1, \'cache\': \'false\', \'token\': \'yv3a4jurrsxc8ixpasmp4ug6oxnpek8zasrczrzz\'} :: {"message":"your IP has been blacklisted. For more info reach out to support@stocknewsapi.com"}')
[NEWS-REFRESH][ERROR] BTCUSDT: HTTPError('HTTPError 403 on /api/v1 with params={\'tickers\': \'BTC\', \'items\': 50, \'date\': \'last60min\', \'page\': 1, \'cache\': \'false\', \'token\': \'yv3a4jurrsxc8ixpasmp4ug6oxnpek8zasrczrzz\'} :: {"message":"your IP has been blacklisted. For more info reach out to support@stocknewsapi.com"}')
[NEWS-REFRESH][ERROR] ETHUSDT: HTTPError('HTTPError 403 on /api/v1 with params={\'tickers\': \'ETH\', \'items\': 50, \'date\': \'last60min\', \'page\': 1, \'cache\': \'false\', \'token\': \'yv3a4jurrsxc8ixpasmp4ug6oxnpek8zasrczrzz\'} :: {"message":"your IP has been blacklisted. For more info reach out to support@stocknewsapi.com"}')
[NEWS-REFRESH][ERROR] SOLUSDT: HTTPError('HTTPError 403 on /api/v1 with params={\'tickers\': \'SOL\', \'items\': 50, \'date\': \'last60min\', \'page\': 1, \'cache\': \'false\', \'token\': \'yv3a4jurrsxc8ixpasmp4ug6oxnpek8zasrczrzz\'} :: {"message":"your IP has been blacklisted. For more info reach out to support@stocknewsapi.com"}')
[NEWS-REFRESH][ERROR] BNBUSDT: HTTPError('HTTPError 403 on /api/v1 with params={\'tickers\': \'BNB\', \'items\': 50, \'date\': \'last60min\', \'page\': 1, \'cache\': \'false\', \'token\': \'yv3a4jurrsxc8ixpasmp4ug6oxnpek8zasrczrzz\'} :: {"message":"your IP has been blacklisted. For more info reach out to support@stocknewsapi.com"}')
[NEWS-REFRESH][ERROR] XRPUSDT: HTTPError('HTTPError 403 on /api/v1 with params={\'tickers\': \'XRP\', \'items\': 50, \'date\': \'last60min\', \'page\': 1, \'cache\': \'false\', \'token\': \'yv3a4jurrsxc8ixpasmp4ug6oxnpek8zasrczrzz\'} :: {"message":"your IP has been blacklisted. For more info reach out to support@stocknewsapi.com"}')
[NEWS-REFRESH][ERROR] ADAUSDT: HTTPError('HTTPError 403 on /api/v1 with params={\'tickers\': \'ADA\', \'items\': 50, \'date\': \'last60min\', \'page\': 1, \'cache\': \'false\', \'token\': \'yv3a4jurrsxc8ixpasmp4ug6oxnpek8zasrczrzz\'} :: {"message":"your IP has been blacklisted. For more info reach out to support@stocknewsapi.com"}')
[NEWS-REFRESH][ERROR] BTCUSDT: HTTPError('HTTPError 403 on /api/v1 with params={\'tickers\': \'BTC\', \'items\': 50, \'date\': \'last60min\', \'page\': 1, \'cache\': \'false\', \'token\': \'yv3a4jurrsxc8ixpasmp4ug6oxnpek8zasrczrzz\'} :: {"message":"your IP has been blacklisted. For more info reach out to support@stocknewsapi.com"}')
[NEWS-REFRESH][ERROR] ETHUSDT: HTTPError('HTTPError 403 on /api/v1 with params={\'tickers\': \'ETH\', \'items\': 50, \'date\': \'last60min\', \'page\': 1, \'cache\': \'false\', \'token\': \'yv3a4jurrsxc8ixpasmp4ug6oxnpek8zasrczrzz\'} :: {"message":"your IP has been blacklisted. For more info reach out to support@stocknewsapi.com"}')
[NEWS-REFRESH][ERROR] SOLUSDT: HTTPError('HTTPError 403 on /api/v1 with params={\'tickers\': \'SOL\', \'items\': 50, \'date\': \'last60min\', \'page\': 1, \'cache\': \'false\', \'token\': \'yv3a4jurrsxc8ixpasmp4ug6oxnpek8zasrczrzz\'} :: {"message":"your IP has been blacklisted. For more info reach out to support@stocknewsapi.com"}')
[NEWS-REFRESH][ERROR] BNBUSDT: HTTPError('HTTPError 403 on /api/v1 with params={\'tickers\': \'BNB\', \'items\': 50, \'date\': \'last60min\', \'page\': 1, \'cache\': \'false\', \'token\': \'yv3a4jurrsxc8ixpasmp4ug6oxnpek8zasrczrzz\'} :: {"message":"your IP has been blacklisted. For more info reach out to support@stocknewsapi.com"}')
[NEWS-REFRESH][ERROR] XRPUSDT: HTTPError('HTTPError 403 on /api/v1 with params={\'tickers\': \'XRP\', \'items\': 50, \'date\': \'last60min\', \'page\': 1, \'cache\': \'false\', \'token\': \'yv3a4jurrsxc8ixpasmp4ug6oxnpek8zasrczrzz\'} :: {"message":"your IP has been blacklisted. For more info reach out to support@stocknewsapi.com"}')
[NEWS-REFRESH][ERROR] ADAUSDT: HTTPError('HTTPError 403 on /api/v1 with params={\'tickers\': \'ADA\', \'items\': 50, \'date\': \'last60min\', \'page\': 1, \'cache\': \'false\', \'token\': \'yv3a4jurrsxc8ixpasmp4ug6oxnpek8zasrczrzz\'} :: {"message":"your IP has been blacklisted. For more info reach out to support@stocknewsapi.com"}')
[NEWS-REFRESH] BTCUSDT bias=+0.13 novelty=0.30 -> data/news/BTCUSDT.json
[NEWS-REFRESH] ETHUSDT bias=+0.67 novelty=0.50 -> data/news/ETHUSDT.json
[NEWS-REFRESH] SOLUSDT bias=+0.00 novelty=0.00 -> data/news/SOLUSDT.json
[NEWS-REFRESH] BNBUSDT bias=+0.00 novelty=0.00 -> data/news/BNBUSDT.json
[NEWS-REFRESH] XRPUSDT bias=+0.33 novelty=0.50 -> data/news/XRPUSDT.json
[NEWS-REFRESH] ADAUSDT bias=+0.00 novelty=0.00 -> data/news/ADAUSDT.json
[NEWS-REFRESH] BTCUSDT bias=-0.67 novelty=0.50 -> data/news/BTCUSDT.json
[NEWS-REFRESH] ETHUSDT bias=+0.67 novelty=0.50 -> data/news/ETHUSDT.json
[NEWS-REFRESH] SOLUSDT bias=-0.67 novelty=0.50 -> data/news/SOLUSDT.json
[NEWS-REFRESH] BNBUSDT bias=+0.00 novelty=0.00 -> data/news/BNBUSDT.json
[NEWS-REFRESH] XRPUSDT bias=+0.67 novelty=0.38 -> data/news/XRPUSDT.json
[NEWS-REFRESH] ADAUSDT bias=+0.00 novelty=0.00 -> data/news/ADAUSDT.json
[NEWS-REFRESH] BTCUSDT bias=+0.00 novelty=0.50 -> data/news/BTCUSDT.json
[NEWS-REFRESH] ETHUSDT bias=+0.00 novelty=0.00 -> data/news/ETHUSDT.json
[NEWS-REFRESH] SOLUSDT bias=+0.00 novelty=0.00 -> data/news/SOLUSDT.json
[NEWS-REFRESH] BNBUSDT bias=+0.00 novelty=0.00 -> data/news/BNBUSDT.json
[NEWS-REFRESH] XRPUSDT bias=+0.67 novelty=0.50 -> data/news/XRPUSDT.json
[NEWS-REFRESH] ADAUSDT bias=+0.00 novelty=0.00 -> data/news/ADAUSDT.json
[NEWS-REFRESH] BTCUSDT bias=-0.33 novelty=0.50 -> data/news/BTCUSDT.json
[NEWS-REFRESH] ETHUSDT bias=+0.00 novelty=0.50 -> data/news/ETHUSDT.json
[NEWS-REFRESH] SOLUSDT bias=+0.00 novelty=0.00 -> data/news/SOLUSDT.json
[NEWS-REFRESH] BNBUSDT bias=+0.00 novelty=0.00 -> data/news/BNBUSDT.json
[NEWS-REFRESH] XRPUSDT bias=+0.33 novelty=0.50 -> data/news/XRPUSDT.json
[NEWS-REFRESH] ADAUSDT bias=+0.00 novelty=0.00 -> data/news/ADAUSDT.json
[NEWS-REFRESH] BTCUSDT bias=+0.13 novelty=0.30 -> data/news/BTCUSDT.json
[NEWS-REFRESH] ETHUSDT bias=-0.67 novelty=0.50 -> data/news/ETHUSDT.json
[NEWS-REFRESH] SOLUSDT bias=+0.22 novelty=0.50 -> data/news/SOLUSDT.json
[NEWS-REFRESH] BNBUSDT bias=+0.67 novelty=0.50 -> data/news/BNBUSDT.json
[NEWS-REFRESH] XRPUSDT bias=+0.00 novelty=0.00 -> data/news/XRPUSDT.json
[NEWS-REFRESH] ADAUSDT bias=+0.67 novelty=0.50 -> data/news/ADAUSDT.json
[NEWS-REFRESH] BTCUSDT bias=+0.22 novelty=0.33 -> data/news/BTCUSDT.json
[NEWS-REFRESH] ETHUSDT bias=-0.22 novelty=0.50 -> data/news/ETHUSDT.json
[NEWS-REFRESH] SOLUSDT bias=+0.00 novelty=0.50 -> data/news/SOLUSDT.json
[NEWS-REFRESH] BNBUSDT bias=+0.00 novelty=0.00 -> data/news/BNBUSDT.json
[NEWS-REFRESH] XRPUSDT bias=+0.00 novelty=0.00 -> data/news/XRPUSDT.json
[NEWS-REFRESH] ADAUSDT bias=+0.00 novelty=0.00 -> data/news/ADAUSDT.json
[NEWS-REFRESH] BTCUSDT bias=+0.07 novelty=0.50 -> data/news/BTCUSDT.json
[NEWS-REFRESH] ETHUSDT bias=-0.67 novelty=0.50 -> data/news/ETHUSDT.json
[NEWS-REFRESH] SOLUSDT bias=+0.00 novelty=0.00 -> data/news/SOLUSDT.json
[NEWS-REFRESH] BNBUSDT bias=+0.00 novelty=0.00 -> data/news/BNBUSDT.json
[NEWS-REFRESH] XRPUSDT bias=+0.22 novelty=0.50 -> data/news/XRPUSDT.json
[NEWS-REFRESH] ADAUSDT bias=+0.00 novelty=0.00 -> data/news/ADAUSDT.json
[NEWS-REFRESH] BTCUSDT bias=-0.44 novelty=0.50 -> data/news/BTCUSDT.json
[NEWS-REFRESH] ETHUSDT bias=-0.67 novelty=0.50 -> data/news/ETHUSDT.json
[NEWS-REFRESH] SOLUSDT bias=+0.00 novelty=0.50 -> data/news/SOLUSDT.json
[NEWS-REFRESH] BNBUSDT bias=+0.00 novelty=0.00 -> data/news/BNBUSDT.json
[NEWS-REFRESH] XRPUSDT bias=-0.44 novelty=0.50 -> data/news/XRPUSDT.json
[NEWS-REFRESH] ADAUSDT bias=+0.00 novelty=0.00 -> data/news/ADAUSDT.json
[NEWS-REFRESH] BTCUSDT bias=+0.10 novelty=0.50 -> data/news/BTCUSDT.json
[NEWS-REFRESH] ETHUSDT bias=+0.67 novelty=0.50 -> data/news/ETHUSDT.json
[NEWS-REFRESH] SOLUSDT bias=+0.67 novelty=0.50 -> data/news/SOLUSDT.json
[NEWS-REFRESH] BNBUSDT bias=+0.00 novelty=0.00 -> data/news/BNBUSDT.json
[NEWS-REFRESH] XRPUSDT bias=+0.67 novelty=0.50 -> data/news/XRPUSDT.json
[NEWS-REFRESH] ADAUSDT bias=+0.00 novelty=0.00 -> data/news/ADAUSDT.json
[NEWS-REFRESH] BTCUSDT bias=+0.29 novelty=0.50 -> data/news/BTCUSDT.json
[NEWS-REFRESH] ETHUSDT bias=-0.22 novelty=0.50 -> data/news/ETHUSDT.json
[NEWS-REFRESH] SOLUSDT bias=+0.67 novelty=0.50 -> data/news/SOLUSDT.json
[NEWS-REFRESH] BNBUSDT bias=-0.67 novelty=0.50 -> data/news/BNBUSDT.json
[NEWS-REFRESH] XRPUSDT bias=+0.40 novelty=0.50 -> data/news/XRPUSDT.json
[NEWS-REFRESH] ADAUSDT bias=-0.67 novelty=0.50 -> data/news/ADAUSDT.json
[NEWS-REFRESH] BTCUSDT bias=-0.07 novelty=0.50 -> data/news/BTCUSDT.json
[NEWS-REFRESH] ETHUSDT bias=-0.22 novelty=0.50 -> data/news/ETHUSDT.json
[NEWS-REFRESH] SOLUSDT bias=+0.00 novelty=0.50 -> data/news/SOLUSDT.json
[NEWS-REFRESH] BNBUSDT bias=+0.00 novelty=0.00 -> data/news/BNBUSDT.json
[NEWS-REFRESH] XRPUSDT bias=+0.50 novelty=0.38 -> data/news/XRPUSDT.json
[NEWS-REFRESH] ADAUSDT bias=-0.67 novelty=0.50 -> data/news/ADAUSDT.json
[NEWS-REFRESH] BTCUSDT bias=-0.22 novelty=0.50 -> data/news/BTCUSDT.json
[NEWS-REFRESH] ETHUSDT bias=-0.22 novelty=0.42 -> data/news/ETHUSDT.json
[NEWS-REFRESH] SOLUSDT bias=+0.13 novelty=0.40 -> data/news/SOLUSDT.json
[NEWS-REFRESH] BNBUSDT bias=+0.67 novelty=0.50 -> data/news/BNBUSDT.json
[NEWS-REFRESH] XRPUSDT bias=+0.44 novelty=0.42 -> data/news/XRPUSDT.json
[NEWS-REFRESH] ADAUSDT bias=+0.00 novelty=0.00 -> data/news/ADAUSDT.json
[NEWS-REFRESH] BTCUSDT bias=+0.00 novelty=0.36 -> data/news/BTCUSDT.json
[NEWS-REFRESH] ETHUSDT bias=-0.33 novelty=0.50 -> data/news/ETHUSDT.json
[NEWS-REFRESH] SOLUSDT bias=+0.00 novelty=0.50 -> data/news/SOLUSDT.json
[NEWS-REFRESH] BNBUSDT bias=+0.00 novelty=0.50 -> data/news/BNBUSDT.json
[NEWS-REFRESH] XRPUSDT bias=-0.07 novelty=0.50 -> data/news/XRPUSDT.json
[NEWS-REFRESH] ADAUSDT bias=-0.13 novelty=0.50 -> data/news/ADAUSDT.json
[NEWS-REFRESH] BTCUSDT bias=-0.06 novelty=0.41 -> data/news/BTCUSDT.json
[NEWS-REFRESH] ETHUSDT bias=-0.13 novelty=0.40 -> data/news/ETHUSDT.json
[NEWS-REFRESH] SOLUSDT bias=+0.00 novelty=0.00 -> data/news/SOLUSDT.json
[NEWS-REFRESH] BNBUSDT bias=+0.00 novelty=0.00 -> data/news/BNBUSDT.json
[NEWS-REFRESH] XRPUSDT bias=+0.44 novelty=0.50 -> data/news/XRPUSDT.json
[NEWS-REFRESH] ADAUSDT bias=+0.00 novelty=0.00 -> data/news/ADAUSDT.json
[NEWS-REFRESH] BTCUSDT bias=+0.13 novelty=0.50 -> data/news/BTCUSDT.json
[NEWS-REFRESH] ETHUSDT bias=+0.00 novelty=0.40 -> data/news/ETHUSDT.json
[NEWS-REFRESH] SOLUSDT bias=+0.67 novelty=0.50 -> data/news/SOLUSDT.json
[NEWS-REFRESH] BNBUSDT bias=+0.00 novelty=0.00 -> data/news/BNBUSDT.json
[NEWS-REFRESH] XRPUSDT bias=-0.22 novelty=0.50 -> data/news/XRPUSDT.json
[NEWS-REFRESH] ADAUSDT bias=+0.00 novelty=0.00 -> data/news/ADAUSDT.json
[NEWS-REFRESH] BTCUSDT bias=+0.17 novelty=0.38 -> data/news/BTCUSDT.json
[NEWS-REFRESH] ETHUSDT bias=+0.67 novelty=0.50 -> data/news/ETHUSDT.json
[NEWS-REFRESH] SOLUSDT bias=+0.67 novelty=0.50 -> data/news/SOLUSDT.json
[NEWS-REFRESH] BNBUSDT bias=-0.67 novelty=0.50 -> data/news/BNBUSDT.json
[NEWS-REFRESH] XRPUSDT bias=-0.67 novelty=0.50 -> data/news/XRPUSDT.json
[NEWS-REFRESH] ADAUSDT bias=+0.00 novelty=0.00 -> data/news/ADAUSDT.json
[NEWS-REFRESH] BTCUSDT bias=+0.19 novelty=0.43 -> data/news/BTCUSDT.json
[NEWS-REFRESH] ETHUSDT bias=+0.22 novelty=0.50 -> data/news/ETHUSDT.json
[NEWS-REFRESH] SOLUSDT bias=+0.00 novelty=0.00 -> data/news/SOLUSDT.json
[NEWS-REFRESH] BNBUSDT bias=+0.00 novelty=0.00 -> data/news/BNBUSDT.json
[NEWS-REFRESH] XRPUSDT bias=+0.67 novelty=0.50 -> data/news/XRPUSDT.json
[NEWS-REFRESH] ADAUSDT bias=+0.67 novelty=0.50 -> data/news/ADAUSDT.json
[NEWS-REFRESH] BTCUSDT bias=+0.57 novelty=0.43 -> data/news/BTCUSDT.json
[NEWS-REFRESH] ETHUSDT bias=+0.67 novelty=0.50 -> data/news/ETHUSDT.json
[NEWS-REFRESH] SOLUSDT bias=+0.67 novelty=0.50 -> data/news/SOLUSDT.json
[NEWS-REFRESH] BNBUSDT bias=+0.00 novelty=0.00 -> data/news/BNBUSDT.json
[NEWS-REFRESH] XRPUSDT bias=+0.00 novelty=0.00 -> data/news/XRPUSDT.json
[NEWS-REFRESH] ADAUSDT bias=+0.00 novelty=0.00 -> data/news/ADAUSDT.json
[NEWS-REFRESH] BTCUSDT bias=+0.13 novelty=0.40 -> data/news/BTCUSDT.json
[NEWS-REFRESH] ETHUSDT bias=+0.67 novelty=0.50 -> data/news/ETHUSDT.json
[NEWS-REFRESH] SOLUSDT bias=+0.67 novelty=0.50 -> data/news/SOLUSDT.json
[NEWS-REFRESH] BNBUSDT bias=+0.00 novelty=0.00 -> data/news/BNBUSDT.json
[NEWS-REFRESH] XRPUSDT bias=+0.00 novelty=0.00 -> data/news/XRPUSDT.json
[NEWS-REFRESH] ADAUSDT bias=+0.67 novelty=0.50 -> data/news/ADAUSDT.json
[NEWS-REFRESH] BTCUSDT bias=+0.22 novelty=0.46 -> data/news/BTCUSDT.json
[NEWS-REFRESH] ETHUSDT bias=+0.22 novelty=0.50 -> data/news/ETHUSDT.json
[NEWS-REFRESH] SOLUSDT bias=+0.00 novelty=0.50 -> data/news/SOLUSDT.json
[NEWS-REFRESH] BNBUSDT bias=+0.00 novelty=0.00 -> data/news/BNBUSDT.json
[NEWS-REFRESH] XRPUSDT bias=+0.44 novelty=0.42 -> data/news/XRPUSDT.json
[NEWS-REFRESH] ADAUSDT bias=+0.00 novelty=0.50 -> data/news/ADAUSDT.json
[NEWS-REFRESH] BTCUSDT bias=+0.00 novelty=0.50 -> data/news/BTCUSDT.json
[NEWS-REFRESH] ETHUSDT bias=+0.22 novelty=0.50 -> data/news/ETHUSDT.json
[NEWS-REFRESH] SOLUSDT bias=+0.67 novelty=0.50 -> data/news/SOLUSDT.json
[NEWS-REFRESH] BNBUSDT bias=+0.00 novelty=0.00 -> data/news/BNBUSDT.json
[NEWS-REFRESH] XRPUSDT bias=+0.00 novelty=0.50 -> data/news/XRPUSDT.json
[NEWS-REFRESH] ADAUSDT bias=+0.00 novelty=0.00 -> data/news/ADAUSDT.json
[NEWS-REFRESH] BTCUSDT bias=+0.00 novelty=0.50 -> data/news/BTCUSDT.json
[NEWS-REFRESH] ETHUSDT bias=+0.22 novelty=0.50 -> data/news/ETHUSDT.json
[NEWS-REFRESH] SOLUSDT bias=+0.67 novelty=0.50 -> data/news/SOLUSDT.json
[NEWS-REFRESH] BNBUSDT bias=+0.00 novelty=0.00 -> data/news/BNBUSDT.json
[NEWS-REFRESH] XRPUSDT bias=+0.00 novelty=0.50 -> data/news/XRPUSDT.json
[NEWS-REFRESH] ADAUSDT bias=+0.00 novelty=0.00 -> data/news/ADAUSDT.json
[NEWS-REFRESH] BTCUSDT bias=-0.13 novelty=0.45 -> data/news/BTCUSDT.json
[NEWS-REFRESH] ETHUSDT bias=-0.67 novelty=0.50 -> data/news/ETHUSDT.json
[NEWS-REFRESH] SOLUSDT bias=+0.00 novelty=0.00 -> data/news/SOLUSDT.json
[NEWS-REFRESH] BNBUSDT bias=-0.67 novelty=0.50 -> data/news/BNBUSDT.json
[NEWS-REFRESH] XRPUSDT bias=+0.22 novelty=0.50 -> data/news/XRPUSDT.json
[NEWS-REFRESH] ADAUSDT bias=+0.67 novelty=0.50 -> data/news/ADAUSDT.json
[NEWS-REFRESH] BTCUSDT bias=-0.07 novelty=0.44 -> data/news/BTCUSDT.json
[NEWS-REFRESH] ETHUSDT bias=-0.67 novelty=0.50 -> data/news/ETHUSDT.json
[NEWS-REFRESH] SOLUSDT bias=+0.00 novelty=0.00 -> data/news/SOLUSDT.json
[NEWS-REFRESH] BNBUSDT bias=-0.67 novelty=0.50 -> data/news/BNBUSDT.json
[NEWS-REFRESH] XRPUSDT bias=+0.13 novelty=0.50 -> data/news/XRPUSDT.json
[NEWS-REFRESH] ADAUSDT bias=+0.67 novelty=0.50 -> data/news/ADAUSDT.json
[NEWS-REFRESH][ERROR] BTCUSDT: AttributeError("'list' object has no attribute 'get'")
[NEWS-REFRESH][ERROR] ETHUSDT: AttributeError("'list' object has no attribute 'get'")
[NEWS-REFRESH][ERROR] SOLUSDT: AttributeError("'list' object has no attribute 'get'")
[NEWS-REFRESH][ERROR] BNBUSDT: AttributeError("'list' object has no attribute 'get'")
[NEWS-REFRESH][ERROR] XRPUSDT: AttributeError("'list' object has no attribute 'get'")
[NEWS-REFRESH][ERROR] ADAUSDT: AttributeError("'list' object has no attribute 'get'")
