logged 0 signals
logged 0 signals
logged 0 signals
logged 0 signals
logged 0 signals
logged 0 signals
logged 0 signals
logged 0 signals
logged 0 signals
logged 0 signals
logged 0 signals
logged 0 signals
logged 0 signals
logged 0 signals
logged 0 signals
logged 0 signals
logged 0 signals
logged 0 signals
logged 0 signals
logged 0 signals
logged 0 signals
logged 0 signals
logged 0 signals
logged 0 signals
logged 0 signals
logged 0 signals
logged 0 signals
logged 0 signals
logged 0 signals
logged 0 signals
logged 0 signals
logged 0 signals
logged 0 signals
logged 0 signals
logged 0 signals
logged 0 signals
logged 0 signals
logged 0 signals
logged 0 signals
logged 0 signals
logged 0 signals
logged 0 signals
logged 0 signals
logged 0 signals
logged 0 signals
logged 0 signals
logged 0 signals
logged 0 signals
logged 0 signals
logged 0 signals
logged 0 signals
logged 0 signals
logged 0 signals
logged 0 signals
logged 0 signals
logged 0 signals
logged 0 signals
logged 0 signals
logged 0 signals
logged 0 signals
logged 0 signals
logged 0 signals
logged 0 signals
logged 0 signals
logged 0 signals
logged 0 signals
logged 0 signals
logged 0 signals
logged 0 signals
logged 0 signals
logged 0 signals
logged 0 signals
logged 0 signals
logged 0 signals
logged 0 signals
logged 0 signals
logged 0 signals
logged 0 signals
logged 0 signals
logged 0 signals
logged 0 signals
logged 0 signals
logged 0 signals
logged 0 signals
logged 0 signals
logged 0 signals
logged 0 signals
logged 0 signals
logged 0 signals
logged 0 signals
logged 0 signals
logged 0 signals
logged 0 signals
logged 0 signals
logged 0 signals
logged 0 signals
logged 0 signals
logged 0 signals
logged 0 signals
logged 0 signals
logged 0 signals
logged 0 signals
logged 0 signals
logged 0 signals
logged 0 signals
logged 0 signals
logged 0 signals
logged 0 signals
logged 0 signals
logged 0 signals
logged 0 signals
logged 0 signals
logged 0 signals
logged 0 signals
logged 0 signals
logged 0 signals
logged 0 signals
logged 0 signals
logged 0 signals
logged 0 signals
logged 0 signals
logged 0 signals
logged 0 signals
logged 0 signals
logged 0 signals
logged 0 signals
logged 0 signals
logged 0 signals
logged 0 signals
logged 0 signals
logged 0 signals
logged 0 signals
logged 0 signals
logged 0 signals
logged 0 signals
logged 0 signals
logged 0 signals
logged 0 signals
logged 0 signals
logged 0 signals
universe=20 data=20 signals=2 FNG=27
universe=20 data=20 signals=1 FNG=27
universe=20 data=20 signals=2 FNG=27
universe=30 data=29 signals=2 FNG=27
universe=30 data=29 signals=1 FNG=27
universe=30 data=29 signals=2 FNG=27
universe=30 data=29 signals=2 FNG=27
universe=30 data=29 signals=2 FNG=27
universe=30 data=29 signals=2 FNG=27
Traceback (most recent call last):
  File "/home/crypto/crypto-predictor/main.py", line 3, in <module>
    import pandas as pd
  File "/home/crypto/crypto-predictor/.venv/lib/python3.12/site-packages/pandas/__init__.py", line 37, in <module>
    from pandas._config import (
  File "/home/crypto/crypto-predictor/.venv/lib/python3.12/site-packages/pandas/_config/__init__.py", line 20, in <module>
    from pandas._config import config
ImportError: cannot import name 'config' from partially initialized module 'pandas._config' (most likely due to a circular import) (/home/crypto/crypto-predictor/.venv/lib/python3.12/site-packages/pandas/_config/__init__.py)
Traceback (most recent call last):
  File "/home/crypto/crypto-predictor/main.py", line 3, in <module>
    import pandas as pd
  File "/home/crypto/crypto-predictor/.venv/lib/python3.12/site-packages/pandas/__init__.py", line 37, in <module>
    from pandas._config import (
  File "/home/crypto/crypto-predictor/.venv/lib/python3.12/site-packages/pandas/_config/__init__.py", line 20, in <module>
    from pandas._config import config
ImportError: cannot import name 'config' from partially initialized module 'pandas._config' (most likely due to a circular import) (/home/crypto/crypto-predictor/.venv/lib/python3.12/site-packages/pandas/_config/__init__.py)
universe=30 data=29 signals=3 FNG=27
